
*** Running vivado
    with args -log ArmShifter.vds -m64 -product Vivado -mode batch -messageDb vivado.pb -notrace -source ArmShifter.tcl


****** Vivado v2017.3 (64-bit)
  **** SW Build 2018833 on Wed Oct  4 19:58:07 MDT 2017
  **** IP Build 2016188 on Wed Oct  4 21:52:56 MDT 2017
    ** Copyright 1986-2017 Xilinx, Inc. All Rights Reserved.

source ArmShifter.tcl -notrace
Command: synth_design -top ArmShifter -part xc7a35tcpg236-1
Starting synth_design
Attempting to get a license for feature 'Synthesis' and/or device 'xc7a35t'
INFO: [Common 17-349] Got license for feature 'Synthesis' and/or device 'xc7a35t'
INFO: Launching helper process for spawning children vivado processes
INFO: Helper process launched with PID 10185 
---------------------------------------------------------------------------------
Starting Synthesize : Time (s): cpu = 00:00:08 ; elapsed = 00:00:08 . Memory (MB): peak = 1242.027 ; gain = 72.000 ; free physical = 27003 ; free virtual = 32393
---------------------------------------------------------------------------------
INFO: [Synth 8-638] synthesizing module 'ArmShifter' [/afs/tu-berlin.de/home/h/hungbui7698/irb-ubuntu/HWP/HardwarePRK-SoSe20/Blatt07/Vivado_WORK/Tutorial/src/ArmShifter.vhd:25]
INFO: [Synth 8-638] synthesizing module 'ArmBarrelShifter' [/afs/tu-berlin.de/home/h/hungbui7698/irb-ubuntu/HWP/HardwarePRK-SoSe20/Blatt07/Vivado_WORK/Tutorial/src/ArmBarrelShifter.vhd:34]
	Parameter OPERAND_WIDTH bound to: 32 - type: integer 
	Parameter SHIFTER_DEPTH bound to: 5 - type: integer 
INFO: [Synth 8-638] synthesizing module 'MUX' [/afs/tu-berlin.de/home/h/hungbui7698/irb-ubuntu/HWP/HardwarePRK-SoSe20/Blatt07/Vivado_WORK/Tutorial/src/MUX.vhd:13]
INFO: [Synth 8-256] done synthesizing module 'MUX' (1#1) [/afs/tu-berlin.de/home/h/hungbui7698/irb-ubuntu/HWP/HardwarePRK-SoSe20/Blatt07/Vivado_WORK/Tutorial/src/MUX.vhd:13]
INFO: [Synth 8-256] done synthesizing module 'ArmBarrelShifter' (2#1) [/afs/tu-berlin.de/home/h/hungbui7698/irb-ubuntu/HWP/HardwarePRK-SoSe20/Blatt07/Vivado_WORK/Tutorial/src/ArmBarrelShifter.vhd:34]
INFO: [Synth 8-226] default block is never used [/afs/tu-berlin.de/home/h/hungbui7698/irb-ubuntu/HWP/HardwarePRK-SoSe20/Blatt07/Vivado_WORK/Tutorial/src/ArmShifter.vhd:48]
INFO: [Synth 8-256] done synthesizing module 'ArmShifter' (3#1) [/afs/tu-berlin.de/home/h/hungbui7698/irb-ubuntu/HWP/HardwarePRK-SoSe20/Blatt07/Vivado_WORK/Tutorial/src/ArmShifter.vhd:25]
---------------------------------------------------------------------------------
Finished Synthesize : Time (s): cpu = 00:00:09 ; elapsed = 00:00:10 . Memory (MB): peak = 1284.559 ; gain = 114.531 ; free physical = 27014 ; free virtual = 32405
---------------------------------------------------------------------------------
---------------------------------------------------------------------------------
Finished Constraint Validation : Time (s): cpu = 00:00:09 ; elapsed = 00:00:10 . Memory (MB): peak = 1284.559 ; gain = 114.531 ; free physical = 27015 ; free virtual = 32406
---------------------------------------------------------------------------------
---------------------------------------------------------------------------------
Start Loading Part and Timing Information
---------------------------------------------------------------------------------
Loading part: xc7a35tcpg236-1
INFO: [Device 21-403] Loading part xc7a35tcpg236-1
---------------------------------------------------------------------------------
Finished Loading Part and Timing Information : Time (s): cpu = 00:00:09 ; elapsed = 00:00:10 . Memory (MB): peak = 1292.562 ; gain = 122.535 ; free physical = 27015 ; free virtual = 32405
---------------------------------------------------------------------------------
INFO: [Synth 8-5544] ROM "ABS_MUX_CTRL" won't be mapped to Block RAM because address size (2) smaller than threshold (5)
INFO: [Synth 8-5544] ROM "ABS_ARITH_SHIFT" won't be mapped to Block RAM because address size (2) smaller than threshold (5)
---------------------------------------------------------------------------------
Finished RTL Optimization Phase 2 : Time (s): cpu = 00:00:09 ; elapsed = 00:00:10 . Memory (MB): peak = 1308.578 ; gain = 138.551 ; free physical = 27006 ; free virtual = 32396
---------------------------------------------------------------------------------

Report RTL Partitions: 
+-+--------------+------------+----------+
| |RTL Partition |Replication |Instances |
+-+--------------+------------+----------+
+-+--------------+------------+----------+
No constraint files found.
---------------------------------------------------------------------------------
Start RTL Component Statistics 
---------------------------------------------------------------------------------
Detailed RTL Component Info : 
+---Adders : 
	   2 Input     32 Bit       Adders := 1     
	   2 Input      6 Bit       Adders := 1     
+---Muxes : 
	   4 Input      2 Bit        Muxes := 1     
	   4 Input      1 Bit        Muxes := 162   
	   2 Input      1 Bit        Muxes := 6     
---------------------------------------------------------------------------------
Finished RTL Component Statistics 
---------------------------------------------------------------------------------
---------------------------------------------------------------------------------
Start RTL Hierarchical Component Statistics 
---------------------------------------------------------------------------------
Hierarchical RTL Component report 
Module ArmShifter 
Detailed RTL Component Info : 
+---Muxes : 
	   4 Input      2 Bit        Muxes := 1     
	   2 Input      1 Bit        Muxes := 5     
	   4 Input      1 Bit        Muxes := 1     
Module MUX 
Detailed RTL Component Info : 
+---Muxes : 
	   4 Input      1 Bit        Muxes := 1     
Module ArmBarrelShifter 
Detailed RTL Component Info : 
+---Adders : 
	   2 Input     32 Bit       Adders := 1     
	   2 Input      6 Bit       Adders := 1     
+---Muxes : 
	   2 Input      1 Bit        Muxes := 1     
	   4 Input      1 Bit        Muxes := 1     
---------------------------------------------------------------------------------
Finished RTL Hierarchical Component Statistics
---------------------------------------------------------------------------------
---------------------------------------------------------------------------------
Start Part Resource Summary
---------------------------------------------------------------------------------
Part Resources:
DSPs: 90 (col length:60)
BRAMs: 100 (col length: RAMB18 60 RAMB36 30)
---------------------------------------------------------------------------------
Finished Part Resource Summary
---------------------------------------------------------------------------------
No constraint files found.
---------------------------------------------------------------------------------
Start Cross Boundary and Area Optimization
---------------------------------------------------------------------------------
---------------------------------------------------------------------------------
Finished Cross Boundary and Area Optimization : Time (s): cpu = 00:00:20 ; elapsed = 00:00:30 . Memory (MB): peak = 1440.695 ; gain = 270.668 ; free physical = 26839 ; free virtual = 32229
---------------------------------------------------------------------------------

Report RTL Partitions: 
+-+--------------+------------+----------+
| |RTL Partition |Replication |Instances |
+-+--------------+------------+----------+
+-+--------------+------------+----------+
No constraint files found.
---------------------------------------------------------------------------------
Start Timing Optimization
---------------------------------------------------------------------------------
---------------------------------------------------------------------------------
Finished Timing Optimization : Time (s): cpu = 00:00:20 ; elapsed = 00:00:31 . Memory (MB): peak = 1440.695 ; gain = 270.668 ; free physical = 26840 ; free virtual = 32231
---------------------------------------------------------------------------------

Report RTL Partitions: 
+-+--------------+------------+----------+
| |RTL Partition |Replication |Instances |
+-+--------------+------------+----------+
+-+--------------+------------+----------+
---------------------------------------------------------------------------------
Start Technology Mapping
---------------------------------------------------------------------------------
---------------------------------------------------------------------------------
Finished Technology Mapping : Time (s): cpu = 00:00:20 ; elapsed = 00:00:31 . Memory (MB): peak = 1440.695 ; gain = 270.668 ; free physical = 26839 ; free virtual = 32229
---------------------------------------------------------------------------------

Report RTL Partitions: 
+-+--------------+------------+----------+
| |RTL Partition |Replication |Instances |
+-+--------------+------------+----------+
+-+--------------+------------+----------+
---------------------------------------------------------------------------------
Start IO Insertion
---------------------------------------------------------------------------------
---------------------------------------------------------------------------------
Start Flattening Before IO Insertion
---------------------------------------------------------------------------------
---------------------------------------------------------------------------------
Finished Flattening Before IO Insertion
---------------------------------------------------------------------------------
---------------------------------------------------------------------------------
Start Final Netlist Cleanup
---------------------------------------------------------------------------------
---------------------------------------------------------------------------------
Finished Final Netlist Cleanup
---------------------------------------------------------------------------------
---------------------------------------------------------------------------------
Finished IO Insertion : Time (s): cpu = 00:00:21 ; elapsed = 00:00:31 . Memory (MB): peak = 1440.695 ; gain = 270.668 ; free physical = 26837 ; free virtual = 32227
---------------------------------------------------------------------------------

Report Check Netlist: 
+------+------------------+-------+---------+-------+------------------+
|      |Item              |Errors |Warnings |Status |Description       |
+------+------------------+-------+---------+-------+------------------+
|1     |multi_driven_nets |      0|        0|Passed |Multi driven nets |
+------+------------------+-------+---------+-------+------------------+
---------------------------------------------------------------------------------
Start Renaming Generated Instances
---------------------------------------------------------------------------------
---------------------------------------------------------------------------------
Finished Renaming Generated Instances : Time (s): cpu = 00:00:21 ; elapsed = 00:00:31 . Memory (MB): peak = 1440.695 ; gain = 270.668 ; free physical = 26837 ; free virtual = 32227
---------------------------------------------------------------------------------

Report RTL Partitions: 
+-+--------------+------------+----------+
| |RTL Partition |Replication |Instances |
+-+--------------+------------+----------+
+-+--------------+------------+----------+
---------------------------------------------------------------------------------
Start Rebuilding User Hierarchy
---------------------------------------------------------------------------------
---------------------------------------------------------------------------------
Finished Rebuilding User Hierarchy : Time (s): cpu = 00:00:21 ; elapsed = 00:00:31 . Memory (MB): peak = 1440.695 ; gain = 270.668 ; free physical = 26837 ; free virtual = 32227
---------------------------------------------------------------------------------
---------------------------------------------------------------------------------
Start Renaming Generated Ports
---------------------------------------------------------------------------------
---------------------------------------------------------------------------------
Finished Renaming Generated Ports : Time (s): cpu = 00:00:21 ; elapsed = 00:00:31 . Memory (MB): peak = 1440.695 ; gain = 270.668 ; free physical = 26837 ; free virtual = 32227
---------------------------------------------------------------------------------
---------------------------------------------------------------------------------
Start Handling Custom Attributes
---------------------------------------------------------------------------------
---------------------------------------------------------------------------------
Finished Handling Custom Attributes : Time (s): cpu = 00:00:21 ; elapsed = 00:00:31 . Memory (MB): peak = 1440.695 ; gain = 270.668 ; free physical = 26838 ; free virtual = 32228
---------------------------------------------------------------------------------
---------------------------------------------------------------------------------
Start Renaming Generated Nets
---------------------------------------------------------------------------------
---------------------------------------------------------------------------------
Finished Renaming Generated Nets : Time (s): cpu = 00:00:21 ; elapsed = 00:00:31 . Memory (MB): peak = 1440.695 ; gain = 270.668 ; free physical = 26838 ; free virtual = 32228
---------------------------------------------------------------------------------
---------------------------------------------------------------------------------
Start Writing Synthesis Report
---------------------------------------------------------------------------------

Report BlackBoxes: 
+-+--------------+----------+
| |BlackBox name |Instances |
+-+--------------+----------+
+-+--------------+----------+

Report Cell Usage: 
+------+-----+------+
|      |Cell |Count |
+------+-----+------+
|1     |LUT2 |     2|
|2     |LUT3 |    48|
|3     |LUT4 |    24|
|4     |LUT5 |   135|
|5     |LUT6 |   275|
|6     |IBUF |    44|
|7     |OBUF |    33|
+------+-----+------+

Report Instance Areas: 
+------+---------+-------+------+
|      |Instance |Module |Cells |
+------+---------+-------+------+
|1     |top      |       |   561|
+------+---------+-------+------+
---------------------------------------------------------------------------------
Finished Writing Synthesis Report : Time (s): cpu = 00:00:21 ; elapsed = 00:00:31 . Memory (MB): peak = 1440.695 ; gain = 270.668 ; free physical = 26838 ; free virtual = 32228
---------------------------------------------------------------------------------
Synthesis finished with 0 errors, 0 critical warnings and 0 warnings.
Synthesis Optimization Runtime : Time (s): cpu = 00:00:21 ; elapsed = 00:00:31 . Memory (MB): peak = 1440.695 ; gain = 270.668 ; free physical = 26839 ; free virtual = 32230
Synthesis Optimization Complete : Time (s): cpu = 00:00:21 ; elapsed = 00:00:31 . Memory (MB): peak = 1440.703 ; gain = 270.668 ; free physical = 26847 ; free virtual = 32237
INFO: [Project 1-571] Translating synthesized netlist
INFO: [Netlist 29-17] Analyzing 44 Unisim elements for replacement
INFO: [Netlist 29-28] Unisim Transformation completed in 0 CPU seconds
INFO: [Project 1-570] Preparing netlist for logic optimization
INFO: [Opt 31-138] Pushed 0 inverter(s) to 0 load pin(s).
INFO: [Project 1-111] Unisim Transformation Summary:
No Unisim elements were transformed.

INFO: [Common 17-83] Releasing license: Synthesis
18 Infos, 0 Warnings, 0 Critical Warnings and 0 Errors encountered.
synth_design completed successfully
synth_design: Time (s): cpu = 00:00:23 ; elapsed = 00:00:34 . Memory (MB): peak = 1562.930 ; gain = 406.273 ; free physical = 26819 ; free virtual = 32210
INFO: [Common 17-1381] The checkpoint '/afs/tu-berlin.de/home/h/hungbui7698/irb-ubuntu/HWP/HardwarePRK-SoSe20/project_1/project_1.runs/synth_1/ArmShifter.dcp' has been generated.
INFO: [runtcl-4] Executing : report_utilization -file ArmShifter_utilization_synth.rpt -pb ArmShifter_utilization_synth.pb
report_utilization: Time (s): cpu = 00:00:00.14 ; elapsed = 00:00:00.21 . Memory (MB): peak = 1586.941 ; gain = 0.000 ; free physical = 26814 ; free virtual = 32204
INFO: [Common 17-206] Exiting Vivado at Sun Jun 28 00:15:56 2020...
