#-----------------------------------------------------------
# Vivado v2017.3 (64-bit)
# SW Build 2018833 on Wed Oct  4 19:58:07 MDT 2017
# IP Build 2016188 on Wed Oct  4 21:52:56 MDT 2017
# Start of session at: Sat Jun 20 23:36:16 2020
# Process ID: 1703
# Current directory: /afs/tu-berlin.de/home/h/hungbui7698/irb-ubuntu/HWP/HardwarePRK-SoSe20/Blatt06/Vivado_WORK/Tutorial
# Command line: vivado
# Log file: /afs/tu-berlin.de/home/h/hungbui7698/irb-ubuntu/HWP/HardwarePRK-SoSe20/Blatt06/Vivado_WORK/Tutorial/vivado.log
# Journal file: /afs/tu-berlin.de/home/h/hungbui7698/irb-ubuntu/HWP/HardwarePRK-SoSe20/Blatt06/Vivado_WORK/Tutorial/vivado.jou
#-----------------------------------------------------------
start_gui
create_project project_1 /afs/tu-berlin.de/home/h/hungbui7698/irb-ubuntu/HWP/HardwarePRK-SoSe20/Blatt06/Vivado_WORK/Tutorial/project_1 -part xc7a35tcpg236-1
INFO: [IP_Flow 19-234] Refreshing IP repositories
INFO: [IP_Flow 19-1704] No user IP repositories specified
INFO: [IP_Flow 19-2313] Loaded Vivado IP repository '/afs/tu-berlin.de/units/Fak_IV/aes/tools/xilinx/Vivado/2017.3/data/ip'.
create_project: Time (s): cpu = 00:00:11 ; elapsed = 00:00:07 . Memory (MB): peak = 6185.414 ; gain = 26.031 ; free physical = 26719 ; free virtual = 32780
set_property target_language VHDL [current_project]
add_files -norecurse {/afs/tu-berlin.de/home/h/hungbui7698/irb-ubuntu/HWP/HardwarePRK-SoSe20/Blatt06/Vivado_WORK/Tutorial/src/ArmFilePaths.vhd /afs/tu-berlin.de/home/h/hungbui7698/irb-ubuntu/HWP/HardwarePRK-SoSe20/Blatt06/Vivado_WORK/Tutorial/src/ArmRegisterBitAdder.vhd /afs/tu-berlin.de/home/h/hungbui7698/irb-ubuntu/HWP/HardwarePRK-SoSe20/Blatt06/Vivado_WORK/Tutorial/src/ArmTypes.vhd /afs/tu-berlin.de/home/h/hungbui7698/irb-ubuntu/HWP/HardwarePRK-SoSe20/Blatt06/Vivado_WORK/Tutorial/src/ArmLdmStmNextAddress.vhd /afs/tu-berlin.de/home/h/hungbui7698/irb-ubuntu/HWP/HardwarePRK-SoSe20/Blatt06/Vivado_WORK/Tutorial/src/ArmConfiguration.vhd /afs/tu-berlin.de/home/h/hungbui7698/irb-ubuntu/HWP/HardwarePRK-SoSe20/Blatt06/Vivado_WORK/Tutorial/src/ArmPriorityVectorFilter.vhd}
update_compile_order -fileset sources_1
set_property top ArmLdmStmNextAddress [current_fileset]
update_compile_order -fileset sources_1
launch_runs synth_1 -jobs 16
[Sat Jun 20 23:40:06 2020] Launched synth_1...
Run output will be captured here: /afs/tu-berlin.de/home/h/hungbui7698/irb-ubuntu/HWP/HardwarePRK-SoSe20/Blatt06/Vivado_WORK/Tutorial/project_1/project_1.runs/synth_1/runme.log
