
*** Running vivado
    with args -log ArmUncoreTop.vds -m64 -product Vivado -mode batch -messageDb vivado.pb -notrace -source ArmUncoreTop.tcl


****** Vivado v2017.3 (64-bit)
  **** SW Build 2018833 on Wed Oct  4 19:58:07 MDT 2017
  **** IP Build 2016188 on Wed Oct  4 21:52:56 MDT 2017
    ** Copyright 1986-2017 Xilinx, Inc. All Rights Reserved.

source ArmUncoreTop.tcl -notrace
Command: synth_design -top ArmUncoreTop -part xc7a35tcpg236-1
Starting synth_design
Attempting to get a license for feature 'Synthesis' and/or device 'xc7a35t'
INFO: [Common 17-349] Got license for feature 'Synthesis' and/or device 'xc7a35t'
INFO: Launching helper process for spawning children vivado processes
INFO: Helper process launched with PID 9116 
---------------------------------------------------------------------------------
Starting RTL Elaboration : Time (s): cpu = 00:00:08 ; elapsed = 00:00:08 . Memory (MB): peak = 1253.918 ; gain = 77.000 ; free physical = 21978 ; free virtual = 32570
---------------------------------------------------------------------------------
INFO: [Synth 8-638] synthesizing module 'ArmUncoreTop' [/afs/tu-berlin.de/home/v/vincenthp2603/irb-ubuntu/HardwarePratikum/HardwarePRK-SoSe20/Blatt05/Vivado_WORK/Tutorial/src/ArmUncoreTop.vhd:44]
INFO: [Synth 8-3491] module 'ArmSwitchDebounce' declared at '/afs/tu-berlin.de/home/v/vincenthp2603/irb-ubuntu/HardwarePratikum/HardwarePRK-SoSe20/Blatt05/Vivado_WORK/Tutorial/src/ArmSwitchDebounce.vhd:21' bound to instance 'Debouncing_EXT_LDP' of component 'ArmSwitchDebounce' [/afs/tu-berlin.de/home/v/vincenthp2603/irb-ubuntu/HardwarePratikum/HardwarePRK-SoSe20/Blatt05/Vivado_WORK/Tutorial/src/ArmUncoreTop.vhd:186]
INFO: [Synth 8-638] synthesizing module 'ArmSwitchDebounce' [/afs/tu-berlin.de/home/v/vincenthp2603/irb-ubuntu/HardwarePratikum/HardwarePRK-SoSe20/Blatt05/Vivado_WORK/Tutorial/src/ArmSwitchDebounce.vhd:30]
INFO: [Synth 8-638] synthesizing module 'ArmWaitStateGenAsync' [/afs/tu-berlin.de/home/v/vincenthp2603/irb-ubuntu/HardwarePratikum/HardwarePRK-SoSe20/Blatt05/Vivado_WORK/Tutorial/src/ArmWaitStateGenAsync.vhd:22]
	Parameter COUNT_VALUE_WIDTH bound to: 16 - type: integer 
INFO: [Synth 8-256] done synthesizing module 'ArmWaitStateGenAsync' (1#1) [/afs/tu-berlin.de/home/v/vincenthp2603/irb-ubuntu/HardwarePratikum/HardwarePRK-SoSe20/Blatt05/Vivado_WORK/Tutorial/src/ArmWaitStateGenAsync.vhd:22]
INFO: [Synth 8-256] done synthesizing module 'ArmSwitchDebounce' (2#1) [/afs/tu-berlin.de/home/v/vincenthp2603/irb-ubuntu/HardwarePratikum/HardwarePRK-SoSe20/Blatt05/Vivado_WORK/Tutorial/src/ArmSwitchDebounce.vhd:30]
INFO: [Synth 8-3491] module 'ArmChipSelectGenerator' declared at '/afs/tu-berlin.de/home/v/vincenthp2603/irb-ubuntu/HardwarePratikum/HardwarePRK-SoSe20/Blatt05/Vivado_WORK/Tutorial/src/ArmChipSelectGenerator.vhd:30' bound to instance 'Inst_ArmChipSelectGenerator' of component 'ArmChipSelectGenerator' [/afs/tu-berlin.de/home/v/vincenthp2603/irb-ubuntu/HardwarePratikum/HardwarePRK-SoSe20/Blatt05/Vivado_WORK/Tutorial/src/ArmUncoreTop.vhd:194]
INFO: [Synth 8-638] synthesizing module 'ArmChipSelectGenerator' [/afs/tu-berlin.de/home/v/vincenthp2603/irb-ubuntu/HardwarePratikum/HardwarePRK-SoSe20/Blatt05/Vivado_WORK/Tutorial/src/ArmChipSelectGenerator.vhd:46]
INFO: [Synth 8-256] done synthesizing module 'ArmChipSelectGenerator' (3#1) [/afs/tu-berlin.de/home/v/vincenthp2603/irb-ubuntu/HardwarePratikum/HardwarePRK-SoSe20/Blatt05/Vivado_WORK/Tutorial/src/ArmChipSelectGenerator.vhd:46]
	Parameter SELECT_LINES bound to: 1 - type: integer 
INFO: [Synth 8-3491] module 'ArmMemInterface' declared at '/afs/tu-berlin.de/home/v/vincenthp2603/irb-ubuntu/HardwarePratikum/HardwarePRK-SoSe20/Blatt05/Vivado_WORK/Tutorial/src/ArmMemInterface.vhd:15' bound to instance 'Inst_ArmMemInterface' of component 'ArmMemInterface' [/afs/tu-berlin.de/home/v/vincenthp2603/irb-ubuntu/HardwarePratikum/HardwarePRK-SoSe20/Blatt05/Vivado_WORK/Tutorial/src/ArmUncoreTop.vhd:203]
INFO: [Synth 8-638] synthesizing module 'ArmMemInterface' [/afs/tu-berlin.de/home/v/vincenthp2603/irb-ubuntu/HardwarePratikum/HardwarePRK-SoSe20/Blatt05/Vivado_WORK/Tutorial/src/ArmMemInterface.vhd:39]
	Parameter SELECT_LINES bound to: 1 - type: integer 
	Parameter EXTERNAL_ADDRESS_DECODING_INSTRUCTION bound to: 0 - type: bool 
INFO: [Synth 8-638] synthesizing module 'ArmRAMB_4kx32' [/afs/tu-berlin.de/home/v/vincenthp2603/irb-ubuntu/HardwarePratikum/HardwarePRK-SoSe20/Blatt05/Vivado_WORK/Tutorial/src/ArmRAMB_4kx32.vhd:35]
	Parameter SELECT_LINES bound to: 1 - type: integer 
INFO: [Synth 8-638] synthesizing module 'ArmRAMB_4kx8' [/afs/tu-berlin.de/home/v/vincenthp2603/irb-ubuntu/HardwarePratikum/HardwarePRK-SoSe20/Blatt05/Vivado_WORK/Tutorial/src/ArmRAMB_4kx8.vhd:23]
	Parameter WIDTH bound to: 8 - type: integer 
	Parameter SIZE bound to: 4096 - type: integer 
INFO: [Synth 8-256] done synthesizing module 'ArmRAMB_4kx8' (4#1) [/afs/tu-berlin.de/home/v/vincenthp2603/irb-ubuntu/HardwarePratikum/HardwarePRK-SoSe20/Blatt05/Vivado_WORK/Tutorial/src/ArmRAMB_4kx8.vhd:23]
INFO: [Synth 8-256] done synthesizing module 'ArmRAMB_4kx32' (5#1) [/afs/tu-berlin.de/home/v/vincenthp2603/irb-ubuntu/HardwarePratikum/HardwarePRK-SoSe20/Blatt05/Vivado_WORK/Tutorial/src/ArmRAMB_4kx32.vhd:35]
INFO: [Synth 8-256] done synthesizing module 'ArmMemInterface' (6#1) [/afs/tu-berlin.de/home/v/vincenthp2603/irb-ubuntu/HardwarePratikum/HardwarePRK-SoSe20/Blatt05/Vivado_WORK/Tutorial/src/ArmMemInterface.vhd:39]
INFO: [Synth 8-3491] module 'ArmRS232Interface' declared at '/afs/tu-berlin.de/home/v/vincenthp2603/irb-ubuntu/HardwarePratikum/HardwarePRK-SoSe20/Blatt05/Vivado_WORK/Tutorial/src/ArmRS232Interface.vhd:47' bound to instance 'Inst_ArmRS232Interface' of component 'ArmRS232Interface' [/afs/tu-berlin.de/home/v/vincenthp2603/irb-ubuntu/HardwarePratikum/HardwarePRK-SoSe20/Blatt05/Vivado_WORK/Tutorial/src/ArmUncoreTop.vhd:222]
INFO: [Synth 8-638] synthesizing module 'ArmRS232Interface' [/afs/tu-berlin.de/home/v/vincenthp2603/irb-ubuntu/HardwarePratikum/HardwarePRK-SoSe20/Blatt05/Vivado_WORK/Tutorial/src/ArmRS232Interface.vhd:66]
INFO: [Synth 8-638] synthesizing module 'ArmWaitStateGenAsync__parameterized0' [/afs/tu-berlin.de/home/v/vincenthp2603/irb-ubuntu/HardwarePratikum/HardwarePRK-SoSe20/Blatt05/Vivado_WORK/Tutorial/src/ArmWaitStateGenAsync.vhd:22]
	Parameter COUNT_VALUE_WIDTH bound to: 32 - type: integer 
INFO: [Synth 8-256] done synthesizing module 'ArmWaitStateGenAsync__parameterized0' (6#1) [/afs/tu-berlin.de/home/v/vincenthp2603/irb-ubuntu/HardwarePratikum/HardwarePRK-SoSe20/Blatt05/Vivado_WORK/Tutorial/src/ArmWaitStateGenAsync.vhd:22]
INFO: [Synth 8-226] default block is never used [/afs/tu-berlin.de/home/v/vincenthp2603/irb-ubuntu/HardwarePratikum/HardwarePRK-SoSe20/Blatt05/Vivado_WORK/Tutorial/src/ArmRS232Interface.vhd:454]
INFO: [Synth 8-256] done synthesizing module 'ArmRS232Interface' (7#1) [/afs/tu-berlin.de/home/v/vincenthp2603/irb-ubuntu/HardwarePratikum/HardwarePRK-SoSe20/Blatt05/Vivado_WORK/Tutorial/src/ArmRS232Interface.vhd:66]
INFO: [Synth 8-3491] module 'ArmSystemController' declared at '/afs/tu-berlin.de/home/v/vincenthp2603/irb-ubuntu/HardwarePratikum/HardwarePRK-SoSe20/Blatt05/Vivado_WORK/Tutorial/src/ArmSystemController.vhd:47' bound to instance 'Inst_ArmSystemController' of component 'ArmSystemController' [/afs/tu-berlin.de/home/v/vincenthp2603/irb-ubuntu/HardwarePratikum/HardwarePRK-SoSe20/Blatt05/Vivado_WORK/Tutorial/src/ArmUncoreTop.vhd:237]
INFO: [Synth 8-638] synthesizing module 'ArmSystemController' [/afs/tu-berlin.de/home/v/vincenthp2603/irb-ubuntu/HardwarePratikum/HardwarePRK-SoSe20/Blatt05/Vivado_WORK/Tutorial/src/ArmSystemController.vhd:69]
INFO: [Synth 8-3491] module 'ArmClkGen' declared at '/afs/tu-berlin.de/home/v/vincenthp2603/irb-ubuntu/HardwarePratikum/HardwarePRK-SoSe20/Blatt05/Vivado_WORK/Tutorial/vivado_project/HWP5/HWP5.runs/synth_1/.Xil/Vivado-9088-cascada-ubu/realtime/ArmClkGen_stub.vhdl:5' bound to instance 'Inst_ArmClkGen' of component 'ArmClkGen' [/afs/tu-berlin.de/home/v/vincenthp2603/irb-ubuntu/HardwarePratikum/HardwarePRK-SoSe20/Blatt05/Vivado_WORK/Tutorial/src/ArmSystemController.vhd:119]
INFO: [Synth 8-638] synthesizing module 'ArmClkGen' [/afs/tu-berlin.de/home/v/vincenthp2603/irb-ubuntu/HardwarePratikum/HardwarePRK-SoSe20/Blatt05/Vivado_WORK/Tutorial/vivado_project/HWP5/HWP5.runs/synth_1/.Xil/Vivado-9088-cascada-ubu/realtime/ArmClkGen_stub.vhdl:16]
INFO: [Synth 8-256] done synthesizing module 'ArmSystemController' (8#1) [/afs/tu-berlin.de/home/v/vincenthp2603/irb-ubuntu/HardwarePratikum/HardwarePRK-SoSe20/Blatt05/Vivado_WORK/Tutorial/src/ArmSystemController.vhd:69]
INFO: [Synth 8-256] done synthesizing module 'ArmUncoreTop' (9#1) [/afs/tu-berlin.de/home/v/vincenthp2603/irb-ubuntu/HardwarePratikum/HardwarePRK-SoSe20/Blatt05/Vivado_WORK/Tutorial/src/ArmUncoreTop.vhd:44]
WARNING: [Synth 8-3331] design ArmSystemController has unconnected port CTRL_DABORT
WARNING: [Synth 8-3331] design ArmRS232Interface has unconnected port RS232_DDIN[31]
WARNING: [Synth 8-3331] design ArmRS232Interface has unconnected port RS232_DDIN[30]
WARNING: [Synth 8-3331] design ArmRS232Interface has unconnected port RS232_DDIN[29]
WARNING: [Synth 8-3331] design ArmRS232Interface has unconnected port RS232_DDIN[28]
WARNING: [Synth 8-3331] design ArmRS232Interface has unconnected port RS232_DDIN[27]
WARNING: [Synth 8-3331] design ArmRS232Interface has unconnected port RS232_DDIN[26]
WARNING: [Synth 8-3331] design ArmRS232Interface has unconnected port RS232_DDIN[25]
WARNING: [Synth 8-3331] design ArmRS232Interface has unconnected port RS232_DDIN[24]
WARNING: [Synth 8-3331] design ArmRS232Interface has unconnected port RS232_DDIN[23]
WARNING: [Synth 8-3331] design ArmRS232Interface has unconnected port RS232_DDIN[22]
WARNING: [Synth 8-3331] design ArmRS232Interface has unconnected port RS232_DDIN[21]
WARNING: [Synth 8-3331] design ArmRS232Interface has unconnected port RS232_DDIN[20]
WARNING: [Synth 8-3331] design ArmRS232Interface has unconnected port RS232_DDIN[19]
WARNING: [Synth 8-3331] design ArmRS232Interface has unconnected port RS232_DDIN[18]
WARNING: [Synth 8-3331] design ArmRS232Interface has unconnected port RS232_DDIN[17]
WARNING: [Synth 8-3331] design ArmRS232Interface has unconnected port RS232_DDIN[16]
WARNING: [Synth 8-3331] design ArmRS232Interface has unconnected port RS232_DDIN[15]
WARNING: [Synth 8-3331] design ArmRS232Interface has unconnected port RS232_DDIN[14]
WARNING: [Synth 8-3331] design ArmRS232Interface has unconnected port RS232_DDIN[13]
WARNING: [Synth 8-3331] design ArmRS232Interface has unconnected port RS232_DDIN[12]
WARNING: [Synth 8-3331] design ArmRS232Interface has unconnected port RS232_DDIN[11]
WARNING: [Synth 8-3331] design ArmRS232Interface has unconnected port RS232_DDIN[10]
WARNING: [Synth 8-3331] design ArmRS232Interface has unconnected port RS232_DDIN[9]
WARNING: [Synth 8-3331] design ArmRS232Interface has unconnected port RS232_DDIN[8]
WARNING: [Synth 8-3331] design ArmMemInterface has unconnected port DA[31]
WARNING: [Synth 8-3331] design ArmMemInterface has unconnected port DA[30]
WARNING: [Synth 8-3331] design ArmMemInterface has unconnected port DA[29]
WARNING: [Synth 8-3331] design ArmMemInterface has unconnected port DA[28]
WARNING: [Synth 8-3331] design ArmMemInterface has unconnected port DA[27]
WARNING: [Synth 8-3331] design ArmMemInterface has unconnected port DA[26]
WARNING: [Synth 8-3331] design ArmMemInterface has unconnected port DA[25]
WARNING: [Synth 8-3331] design ArmMemInterface has unconnected port DA[24]
WARNING: [Synth 8-3331] design ArmMemInterface has unconnected port DA[23]
WARNING: [Synth 8-3331] design ArmMemInterface has unconnected port DA[22]
WARNING: [Synth 8-3331] design ArmMemInterface has unconnected port DA[21]
WARNING: [Synth 8-3331] design ArmMemInterface has unconnected port DA[20]
WARNING: [Synth 8-3331] design ArmMemInterface has unconnected port DA[19]
WARNING: [Synth 8-3331] design ArmMemInterface has unconnected port DA[18]
WARNING: [Synth 8-3331] design ArmMemInterface has unconnected port DA[17]
WARNING: [Synth 8-3331] design ArmMemInterface has unconnected port DA[16]
WARNING: [Synth 8-3331] design ArmMemInterface has unconnected port DA[15]
WARNING: [Synth 8-3331] design ArmMemInterface has unconnected port DA[14]
WARNING: [Synth 8-3331] design ArmChipSelectGenerator has unconnected port CSG_DA[11]
WARNING: [Synth 8-3331] design ArmChipSelectGenerator has unconnected port CSG_DA[10]
WARNING: [Synth 8-3331] design ArmChipSelectGenerator has unconnected port CSG_DA[9]
WARNING: [Synth 8-3331] design ArmChipSelectGenerator has unconnected port CSG_DA[8]
WARNING: [Synth 8-3331] design ArmChipSelectGenerator has unconnected port CSG_DA[7]
WARNING: [Synth 8-3331] design ArmChipSelectGenerator has unconnected port CSG_DA[6]
WARNING: [Synth 8-3331] design ArmChipSelectGenerator has unconnected port CSG_DA[5]
WARNING: [Synth 8-3331] design ArmChipSelectGenerator has unconnected port CSG_DA[4]
WARNING: [Synth 8-3331] design ArmChipSelectGenerator has unconnected port CSG_DA[3]
WARNING: [Synth 8-3331] design ArmChipSelectGenerator has unconnected port CSG_DA[2]
WARNING: [Synth 8-3331] design ArmChipSelectGenerator has unconnected port CSG_DA[1]
WARNING: [Synth 8-3331] design ArmChipSelectGenerator has unconnected port CSG_DA[0]
---------------------------------------------------------------------------------
Finished RTL Elaboration : Time (s): cpu = 00:00:09 ; elapsed = 00:00:10 . Memory (MB): peak = 1296.449 ; gain = 119.531 ; free physical = 22007 ; free virtual = 32602
---------------------------------------------------------------------------------

Report Check Netlist: 
+------+------------------+-------+---------+-------+------------------+
|      |Item              |Errors |Warnings |Status |Description       |
+------+------------------+-------+---------+-------+------------------+
|1     |multi_driven_nets |      0|        0|Passed |Multi driven nets |
+------+------------------+-------+---------+-------+------------------+
---------------------------------------------------------------------------------
Finished RTL Optimization Phase 1 : Time (s): cpu = 00:00:09 ; elapsed = 00:00:10 . Memory (MB): peak = 1296.449 ; gain = 119.531 ; free physical = 22008 ; free virtual = 32602
---------------------------------------------------------------------------------
INFO: [Device 21-403] Loading part xc7a35tcpg236-1
INFO: [Project 1-570] Preparing netlist for logic optimization

Processing XDC Constraints
Initializing timing engine
Parsing XDC File [/afs/tu-berlin.de/home/v/vincenthp2603/irb-ubuntu/HardwarePratikum/HardwarePRK-SoSe20/Blatt05/Vivado_WORK/Tutorial/vivado_project/HWP5/HWP5.runs/synth_1/.Xil/Vivado-9088-cascada-ubu/dcp3/ArmClkGen_in_context.xdc] for cell 'Inst_ArmSystemController/Inst_ArmClkGen'
Finished Parsing XDC File [/afs/tu-berlin.de/home/v/vincenthp2603/irb-ubuntu/HardwarePratikum/HardwarePRK-SoSe20/Blatt05/Vivado_WORK/Tutorial/vivado_project/HWP5/HWP5.runs/synth_1/.Xil/Vivado-9088-cascada-ubu/dcp3/ArmClkGen_in_context.xdc] for cell 'Inst_ArmSystemController/Inst_ArmClkGen'
Completed Processing XDC Constraints

INFO: [Project 1-111] Unisim Transformation Summary:
No Unisim elements were transformed.

Constraint Validation Runtime : Time (s): cpu = 00:00:00.02 ; elapsed = 00:00:00.08 . Memory (MB): peak = 1655.062 ; gain = 0.000 ; free physical = 21740 ; free virtual = 32353
---------------------------------------------------------------------------------
Finished Constraint Validation : Time (s): cpu = 00:00:29 ; elapsed = 00:00:48 . Memory (MB): peak = 1655.062 ; gain = 478.145 ; free physical = 21816 ; free virtual = 32431
---------------------------------------------------------------------------------
---------------------------------------------------------------------------------
Start Loading Part and Timing Information
---------------------------------------------------------------------------------
Loading part: xc7a35tcpg236-1
---------------------------------------------------------------------------------
Finished Loading Part and Timing Information : Time (s): cpu = 00:00:29 ; elapsed = 00:00:48 . Memory (MB): peak = 1655.062 ; gain = 478.145 ; free physical = 21816 ; free virtual = 32431
---------------------------------------------------------------------------------
---------------------------------------------------------------------------------
Start Applying 'set_property' XDC Constraints
---------------------------------------------------------------------------------
Applied set_property IO_BUFFER_TYPE = NONE for EXT_CLK. (constraint file  /afs/tu-berlin.de/home/v/vincenthp2603/irb-ubuntu/HardwarePratikum/HardwarePRK-SoSe20/Blatt05/Vivado_WORK/Tutorial/vivado_project/HWP5/HWP5.runs/synth_1/.Xil/Vivado-9088-cascada-ubu/dcp3/ArmClkGen_in_context.xdc, line 4).
Applied set_property CLOCK_BUFFER_TYPE = NONE for EXT_CLK. (constraint file  /afs/tu-berlin.de/home/v/vincenthp2603/irb-ubuntu/HardwarePratikum/HardwarePRK-SoSe20/Blatt05/Vivado_WORK/Tutorial/vivado_project/HWP5/HWP5.runs/synth_1/.Xil/Vivado-9088-cascada-ubu/dcp3/ArmClkGen_in_context.xdc, line 5).
Applied set_property DONT_TOUCH = true for Inst_ArmSystemController/Inst_ArmClkGen. (constraint file  auto generated constraint, line ).
---------------------------------------------------------------------------------
Finished applying 'set_property' XDC Constraints : Time (s): cpu = 00:00:29 ; elapsed = 00:00:48 . Memory (MB): peak = 1655.062 ; gain = 478.145 ; free physical = 21818 ; free virtual = 32433
---------------------------------------------------------------------------------
INFO: [Synth 8-5818] HDL ADVISOR - The operator resource <adder> is shared. To prevent sharing consider applying a KEEP on the output of the operator [/afs/tu-berlin.de/home/v/vincenthp2603/irb-ubuntu/HardwarePratikum/HardwarePRK-SoSe20/Blatt05/Vivado_WORK/Tutorial/src/ArmWaitStateGenAsync.vhd:45]
INFO: [Synth 8-5546] ROM "COUNT_REG" won't be mapped to RAM because it is too sparse
WARNING: [Synth 8-6014] Unused sequential element COUNT_REG_reg was removed.  [/afs/tu-berlin.de/home/v/vincenthp2603/irb-ubuntu/HardwarePratikum/HardwarePRK-SoSe20/Blatt05/Vivado_WORK/Tutorial/src/ArmWaitStateGenAsync.vhd:43]
INFO: [Synth 8-5818] HDL ADVISOR - The operator resource <adder> is shared. To prevent sharing consider applying a KEEP on the output of the operator [/afs/tu-berlin.de/home/v/vincenthp2603/irb-ubuntu/HardwarePratikum/HardwarePRK-SoSe20/Blatt05/Vivado_WORK/Tutorial/src/ArmWaitStateGenAsync.vhd:45]
INFO: [Synth 8-5545] ROM "COUNT_REG" won't be mapped to RAM because address size (32) is larger than maximum supported(25)
WARNING: [Synth 8-6014] Unused sequential element COUNT_REG_reg was removed.  [/afs/tu-berlin.de/home/v/vincenthp2603/irb-ubuntu/HardwarePratikum/HardwarePRK-SoSe20/Blatt05/Vivado_WORK/Tutorial/src/ArmWaitStateGenAsync.vhd:43]
INFO: [Synth 8-5545] ROM "TRM_NEXT_STATE" won't be mapped to RAM because address size (32) is larger than maximum supported(25)
INFO: [Synth 8-5545] ROM "TRM_DATA" won't be mapped to RAM because address size (32) is larger than maximum supported(25)
INFO: [Synth 8-5545] ROM "TRM_COUNTER" won't be mapped to RAM because address size (32) is larger than maximum supported(25)
INFO: [Synth 8-5818] HDL ADVISOR - The operator resource <adder> is shared. To prevent sharing consider applying a KEEP on the output of the operator [/afs/tu-berlin.de/home/v/vincenthp2603/irb-ubuntu/HardwarePratikum/HardwarePRK-SoSe20/Blatt05/Vivado_WORK/Tutorial/src/ArmSystemController.vhd:203]
INFO: [Synth 8-802] inferred FSM for state register 'CTRL_STATE_reg' in module 'ArmSystemController'
INFO: [Synth 8-5544] ROM "CTRL_WORKING" won't be mapped to Block RAM because address size (4) smaller than threshold (5)
INFO: [Synth 8-5544] ROM "CTRL_STATE" won't be mapped to Block RAM because address size (1) smaller than threshold (5)
INFO: [Synth 8-5544] ROM "CTRL_STATE" won't be mapped to Block RAM because address size (1) smaller than threshold (5)
INFO: [Synth 8-5544] ROM "CTRL_STATE" won't be mapped to Block RAM because address size (1) smaller than threshold (5)
INFO: [Synth 8-5544] ROM "CTRL_STATE" won't be mapped to Block RAM because address size (1) smaller than threshold (5)
INFO: [Synth 8-5544] ROM "CTRL_STATE" won't be mapped to Block RAM because address size (1) smaller than threshold (5)
---------------------------------------------------------------------------------------------------
                   State |                     New Encoding |                Previous Encoding 
---------------------------------------------------------------------------------------------------
               ctrl_idle |                             0000 |                             0000
  ctrl_read_stdin_status |                             0001 |                             0001
    ctrl_read_stdin_data |                             0010 |                             0010
          ctrl_write_mem |                             0011 |                             0110
           ctrl_read_mem |                             0100 |                             0101
 ctrl_read_stdout_status |                             0101 |                             0011
  ctrl_write_stdout_data |                             0110 |                             0100
         ctrl_wait_state |                             0111 |                             1000
           ctrl_finished |                             1000 |                             0111
---------------------------------------------------------------------------------------------------
INFO: [Synth 8-3354] encoded FSM with state register 'CTRL_STATE_reg' using encoding 'sequential' in module 'ArmSystemController'
---------------------------------------------------------------------------------
Finished RTL Optimization Phase 2 : Time (s): cpu = 00:00:29 ; elapsed = 00:00:48 . Memory (MB): peak = 1655.062 ; gain = 478.145 ; free physical = 21809 ; free virtual = 32423
---------------------------------------------------------------------------------

Report RTL Partitions: 
+-+--------------+------------+----------+
| |RTL Partition |Replication |Instances |
+-+--------------+------------+----------+
+-+--------------+------------+----------+
---------------------------------------------------------------------------------
Start RTL Component Statistics 
---------------------------------------------------------------------------------
Detailed RTL Component Info : 
+---Adders : 
	   2 Input     32 Bit       Adders := 1     
	   2 Input     16 Bit       Adders := 1     
	   2 Input     14 Bit       Adders := 1     
+---XORs : 
	   2 Input      1 Bit         XORs := 20    
+---Registers : 
	               32 Bit    Registers := 6     
	               16 Bit    Registers := 1     
	                8 Bit    Registers := 15    
	                2 Bit    Registers := 2     
	                1 Bit    Registers := 11    
+---RAMs : 
	              32K Bit         RAMs := 4     
+---Muxes : 
	   4 Input     32 Bit        Muxes := 1     
	   2 Input     32 Bit        Muxes := 2     
	   9 Input     32 Bit        Muxes := 2     
	   9 Input     16 Bit        Muxes := 1     
	   4 Input      9 Bit        Muxes := 1     
	   4 Input      8 Bit        Muxes := 4     
	   2 Input      8 Bit        Muxes := 3     
	   9 Input      8 Bit        Muxes := 1     
	  15 Input      4 Bit        Muxes := 1     
	   4 Input      2 Bit        Muxes := 1     
	   2 Input      2 Bit        Muxes := 3     
	   5 Input      2 Bit        Muxes := 1     
	   9 Input      2 Bit        Muxes := 1     
	   3 Input      1 Bit        Muxes := 3     
	   2 Input      1 Bit        Muxes := 17    
	   4 Input      1 Bit        Muxes := 9     
	   9 Input      1 Bit        Muxes := 9     
---------------------------------------------------------------------------------
Finished RTL Component Statistics 
---------------------------------------------------------------------------------
---------------------------------------------------------------------------------
Start RTL Hierarchical Component Statistics 
---------------------------------------------------------------------------------
Hierarchical RTL Component report 
Module ArmUncoreTop 
Detailed RTL Component Info : 
+---Muxes : 
	   2 Input     32 Bit        Muxes := 1     
	   2 Input      1 Bit        Muxes := 2     
Module ArmWaitStateGenAsync 
Detailed RTL Component Info : 
+---Muxes : 
	   3 Input      1 Bit        Muxes := 1     
	   2 Input      1 Bit        Muxes := 1     
Module ArmSwitchDebounce 
Detailed RTL Component Info : 
+---Registers : 
	                1 Bit    Registers := 2     
Module ArmChipSelectGenerator 
Detailed RTL Component Info : 
+---XORs : 
	   2 Input      1 Bit         XORs := 20    
Module ArmRAMB_4kx8 
Detailed RTL Component Info : 
+---Registers : 
	                8 Bit    Registers := 2     
+---RAMs : 
	              32K Bit         RAMs := 1     
Module ArmMemInterface 
Detailed RTL Component Info : 
+---Muxes : 
	   2 Input      1 Bit        Muxes := 1     
Module ArmWaitStateGenAsync__parameterized0 
Detailed RTL Component Info : 
+---Muxes : 
	   3 Input      1 Bit        Muxes := 1     
	   2 Input      1 Bit        Muxes := 1     
Module ArmRS232Interface 
Detailed RTL Component Info : 
+---Adders : 
	   2 Input     32 Bit       Adders := 1     
+---Registers : 
	               32 Bit    Registers := 3     
	                8 Bit    Registers := 6     
	                2 Bit    Registers := 2     
	                1 Bit    Registers := 6     
+---Muxes : 
	   4 Input     32 Bit        Muxes := 1     
	   4 Input      9 Bit        Muxes := 1     
	   4 Input      8 Bit        Muxes := 3     
	   2 Input      8 Bit        Muxes := 2     
	   4 Input      2 Bit        Muxes := 1     
	   2 Input      2 Bit        Muxes := 3     
	   5 Input      2 Bit        Muxes := 1     
	   4 Input      1 Bit        Muxes := 9     
	   2 Input      1 Bit        Muxes := 7     
Module ArmSystemController 
Detailed RTL Component Info : 
+---Adders : 
	   2 Input     16 Bit       Adders := 1     
	   2 Input     14 Bit       Adders := 1     
+---Registers : 
	               32 Bit    Registers := 3     
	               16 Bit    Registers := 1     
	                8 Bit    Registers := 1     
	                1 Bit    Registers := 3     
+---Muxes : 
	   2 Input     32 Bit        Muxes := 1     
	   9 Input     32 Bit        Muxes := 2     
	   9 Input     16 Bit        Muxes := 1     
	   4 Input      8 Bit        Muxes := 1     
	   9 Input      8 Bit        Muxes := 1     
	   2 Input      8 Bit        Muxes := 1     
	  15 Input      4 Bit        Muxes := 1     
	   9 Input      2 Bit        Muxes := 1     
	   2 Input      1 Bit        Muxes := 4     
	   9 Input      1 Bit        Muxes := 9     
---------------------------------------------------------------------------------
Finished RTL Hierarchical Component Statistics
---------------------------------------------------------------------------------
---------------------------------------------------------------------------------
Start Part Resource Summary
---------------------------------------------------------------------------------
Part Resources:
DSPs: 90 (col length:60)
BRAMs: 100 (col length: RAMB18 60 RAMB36 30)
---------------------------------------------------------------------------------
Finished Part Resource Summary
---------------------------------------------------------------------------------
---------------------------------------------------------------------------------
Start Cross Boundary and Area Optimization
---------------------------------------------------------------------------------
INFO: [Synth 8-5545] ROM "Inst_ArmRS232Interface/TRM_COUNTER" won't be mapped to RAM because address size (32) is larger than maximum supported(25)
INFO: [Synth 8-5545] ROM "Inst_ArmRS232Interface/TRM_NEXT_STATE" won't be mapped to RAM because address size (32) is larger than maximum supported(25)
INFO: [Synth 8-5545] ROM "Inst_ArmRS232Interface/TRM_DATA" won't be mapped to RAM because address size (32) is larger than maximum supported(25)
WARNING: [Synth 8-6014] Unused sequential element Debouncing_EXT_LDP/SAMPLE_CLK_GEN/COUNT_REG_reg was removed.  [/afs/tu-berlin.de/home/v/vincenthp2603/irb-ubuntu/HardwarePratikum/HardwarePRK-SoSe20/Blatt05/Vivado_WORK/Tutorial/src/ArmWaitStateGenAsync.vhd:43]
WARNING: [Synth 8-6014] Unused sequential element Inst_ArmRS232Interface/RS232_RECEIVER.WSG/COUNT_REG_reg was removed.  [/afs/tu-berlin.de/home/v/vincenthp2603/irb-ubuntu/HardwarePratikum/HardwarePRK-SoSe20/Blatt05/Vivado_WORK/Tutorial/src/ArmWaitStateGenAsync.vhd:43]
WARNING: [Synth 8-6014] Unused sequential element Inst_ArmRS232Interface/RS232_TRANSMITTER.WSG/COUNT_REG_reg was removed.  [/afs/tu-berlin.de/home/v/vincenthp2603/irb-ubuntu/HardwarePratikum/HardwarePRK-SoSe20/Blatt05/Vivado_WORK/Tutorial/src/ArmWaitStateGenAsync.vhd:43]
INFO: [Synth 8-3886] merging instance 'Inst_ArmRS232Interface/RS232_RECEIVER.WSG_DELAY_REG_reg[30]' (FDR) to 'Inst_ArmRS232Interface/RS232_RECEIVER.WSG_DELAY_REG_reg[1]'
INFO: [Synth 8-3886] merging instance 'Inst_ArmRS232Interface/RS232_RECEIVER.WSG_DELAY_REG_reg[31]' (FDR) to 'Inst_ArmRS232Interface/RS232_RECEIVER.WSG_DELAY_REG_reg[1]'
INFO: [Synth 8-3886] merging instance 'Inst_ArmRS232Interface/RS232_RECEIVER.WSG_DELAY_REG_reg[29]' (FDR) to 'Inst_ArmRS232Interface/RS232_RECEIVER.WSG_DELAY_REG_reg[1]'
INFO: [Synth 8-3886] merging instance 'Inst_ArmRS232Interface/RS232_RECEIVER.WSG_DELAY_REG_reg[28]' (FDR) to 'Inst_ArmRS232Interface/RS232_RECEIVER.WSG_DELAY_REG_reg[1]'
INFO: [Synth 8-3886] merging instance 'Inst_ArmRS232Interface/RS232_RECEIVER.WSG_DELAY_REG_reg[27]' (FDR) to 'Inst_ArmRS232Interface/RS232_RECEIVER.WSG_DELAY_REG_reg[1]'
INFO: [Synth 8-3886] merging instance 'Inst_ArmRS232Interface/RS232_RECEIVER.WSG_DELAY_REG_reg[26]' (FDR) to 'Inst_ArmRS232Interface/RS232_RECEIVER.WSG_DELAY_REG_reg[1]'
INFO: [Synth 8-3886] merging instance 'Inst_ArmRS232Interface/RS232_RECEIVER.WSG_DELAY_REG_reg[25]' (FDR) to 'Inst_ArmRS232Interface/RS232_RECEIVER.WSG_DELAY_REG_reg[1]'
INFO: [Synth 8-3886] merging instance 'Inst_ArmRS232Interface/RS232_RECEIVER.WSG_DELAY_REG_reg[24]' (FDR) to 'Inst_ArmRS232Interface/RS232_RECEIVER.WSG_DELAY_REG_reg[1]'
INFO: [Synth 8-3886] merging instance 'Inst_ArmRS232Interface/RS232_RECEIVER.WSG_DELAY_REG_reg[23]' (FDR) to 'Inst_ArmRS232Interface/RS232_RECEIVER.WSG_DELAY_REG_reg[1]'
INFO: [Synth 8-3886] merging instance 'Inst_ArmRS232Interface/RS232_RECEIVER.WSG_DELAY_REG_reg[22]' (FDR) to 'Inst_ArmRS232Interface/RS232_RECEIVER.WSG_DELAY_REG_reg[1]'
INFO: [Synth 8-3886] merging instance 'Inst_ArmRS232Interface/RS232_RECEIVER.WSG_DELAY_REG_reg[21]' (FDR) to 'Inst_ArmRS232Interface/RS232_RECEIVER.WSG_DELAY_REG_reg[1]'
INFO: [Synth 8-3886] merging instance 'Inst_ArmRS232Interface/RS232_RECEIVER.WSG_DELAY_REG_reg[20]' (FDR) to 'Inst_ArmRS232Interface/RS232_RECEIVER.WSG_DELAY_REG_reg[1]'
INFO: [Synth 8-3886] merging instance 'Inst_ArmRS232Interface/RS232_RECEIVER.WSG_DELAY_REG_reg[19]' (FDR) to 'Inst_ArmRS232Interface/RS232_RECEIVER.WSG_DELAY_REG_reg[1]'
INFO: [Synth 8-3886] merging instance 'Inst_ArmRS232Interface/RS232_RECEIVER.WSG_DELAY_REG_reg[18]' (FDR) to 'Inst_ArmRS232Interface/RS232_RECEIVER.WSG_DELAY_REG_reg[1]'
INFO: [Synth 8-3886] merging instance 'Inst_ArmRS232Interface/RS232_RECEIVER.WSG_DELAY_REG_reg[17]' (FDR) to 'Inst_ArmRS232Interface/RS232_RECEIVER.WSG_DELAY_REG_reg[1]'
INFO: [Synth 8-3886] merging instance 'Inst_ArmRS232Interface/RS232_RECEIVER.WSG_DELAY_REG_reg[16]' (FDR) to 'Inst_ArmRS232Interface/RS232_RECEIVER.WSG_DELAY_REG_reg[1]'
INFO: [Synth 8-3886] merging instance 'Inst_ArmRS232Interface/RS232_RECEIVER.WSG_DELAY_REG_reg[15]' (FDR) to 'Inst_ArmRS232Interface/RS232_RECEIVER.WSG_DELAY_REG_reg[1]'
INFO: [Synth 8-3886] merging instance 'Inst_ArmRS232Interface/RS232_RECEIVER.WSG_DELAY_REG_reg[14]' (FDR) to 'Inst_ArmRS232Interface/RS232_RECEIVER.WSG_DELAY_REG_reg[1]'
INFO: [Synth 8-3886] merging instance 'Inst_ArmRS232Interface/RS232_RECEIVER.WSG_DELAY_REG_reg[13]' (FDR) to 'Inst_ArmRS232Interface/RS232_RECEIVER.WSG_DELAY_REG_reg[1]'
INFO: [Synth 8-3886] merging instance 'Inst_ArmRS232Interface/RS232_RECEIVER.WSG_DELAY_REG_reg[12]' (FDR) to 'Inst_ArmRS232Interface/RS232_RECEIVER.WSG_DELAY_REG_reg[1]'
INFO: [Synth 8-3886] merging instance 'Inst_ArmRS232Interface/RS232_RECEIVER.WSG_DELAY_REG_reg[11]' (FDR) to 'Inst_ArmRS232Interface/RS232_RECEIVER.WSG_DELAY_REG_reg[1]'
INFO: [Synth 8-3886] merging instance 'Inst_ArmRS232Interface/RS232_RECEIVER.WSG_DELAY_REG_reg[10]' (FDR) to 'Inst_ArmRS232Interface/RS232_RECEIVER.WSG_DELAY_REG_reg[1]'
INFO: [Synth 8-3886] merging instance 'Inst_ArmRS232Interface/RS232_RECEIVER.WSG_DELAY_REG_reg[9]' (FDR) to 'Inst_ArmRS232Interface/RS232_RECEIVER.WSG_DELAY_REG_reg[1]'
INFO: [Synth 8-3886] merging instance 'Inst_ArmRS232Interface/RS232_RECEIVER.WSG_DELAY_REG_reg[7]' (FDR) to 'Inst_ArmRS232Interface/RS232_RECEIVER.WSG_DELAY_REG_reg[0]'
INFO: [Synth 8-3886] merging instance 'Inst_ArmRS232Interface/RS232_RECEIVER.WSG_DELAY_REG_reg[6]' (FDR) to 'Inst_ArmRS232Interface/RS232_RECEIVER.WSG_DELAY_REG_reg[1]'
INFO: [Synth 8-3886] merging instance 'Inst_ArmRS232Interface/RS232_RECEIVER.WSG_DELAY_REG_reg[5]' (FDR) to 'Inst_ArmRS232Interface/RS232_RECEIVER.WSG_DELAY_REG_reg[0]'
INFO: [Synth 8-3886] merging instance 'Inst_ArmRS232Interface/RS232_RECEIVER.WSG_DELAY_REG_reg[4]' (FDR) to 'Inst_ArmRS232Interface/RS232_RECEIVER.WSG_DELAY_REG_reg[1]'
INFO: [Synth 8-3886] merging instance 'Inst_ArmRS232Interface/RS232_RECEIVER.WSG_DELAY_REG_reg[3]' (FDR) to 'Inst_ArmRS232Interface/RS232_RECEIVER.WSG_DELAY_REG_reg[0]'
INFO: [Synth 8-3333] propagating constant 1 across sequential element (\Inst_ArmRS232Interface/RS232_RECEIVER.WSG_DELAY_REG_reg[2] )
INFO: [Synth 8-3333] propagating constant 0 across sequential element (\Inst_ArmRS232Interface/RS232_RECEIVER.WSG_DELAY_REG_reg[1] )
INFO: [Synth 8-3886] merging instance 'Inst_ArmRS232Interface/INTERFACE_COMMUNICATION.REGISTER_SET_reg[2][1]' (FD) to 'Inst_ArmRS232Interface/INTERFACE_COMMUNICATION.REGISTER_SET_reg[2][7]'
INFO: [Synth 8-3886] merging instance 'Inst_ArmRS232Interface/INTERFACE_COMMUNICATION.REGISTER_SET_reg[2][2]' (FD) to 'Inst_ArmRS232Interface/INTERFACE_COMMUNICATION.REGISTER_SET_reg[2][7]'
INFO: [Synth 8-3886] merging instance 'Inst_ArmRS232Interface/INTERFACE_COMMUNICATION.REGISTER_SET_reg[2][3]' (FD) to 'Inst_ArmRS232Interface/INTERFACE_COMMUNICATION.REGISTER_SET_reg[2][7]'
INFO: [Synth 8-3886] merging instance 'Inst_ArmRS232Interface/INTERFACE_COMMUNICATION.REGISTER_SET_reg[2][5]' (FD) to 'Inst_ArmRS232Interface/INTERFACE_COMMUNICATION.REGISTER_SET_reg[2][7]'
INFO: [Synth 8-3886] merging instance 'Inst_ArmRS232Interface/INTERFACE_COMMUNICATION.REGISTER_SET_reg[2][6]' (FD) to 'Inst_ArmRS232Interface/INTERFACE_COMMUNICATION.REGISTER_SET_reg[2][7]'
INFO: [Synth 8-3333] propagating constant 0 across sequential element (\Inst_ArmRS232Interface/INTERFACE_COMMUNICATION.REGISTER_SET_reg[2][7] )
INFO: [Synth 8-3886] merging instance 'Inst_ArmSystemController/DATA_REG_reg[8]' (FDRE) to 'Inst_ArmSystemController/DATA_REG_reg[16]'
INFO: [Synth 8-3886] merging instance 'Inst_ArmSystemController/DATA_REG_reg[9]' (FDRE) to 'Inst_ArmSystemController/DATA_REG_reg[17]'
INFO: [Synth 8-3886] merging instance 'Inst_ArmSystemController/DATA_REG_reg[10]' (FDRE) to 'Inst_ArmSystemController/DATA_REG_reg[18]'
INFO: [Synth 8-3886] merging instance 'Inst_ArmSystemController/DATA_REG_reg[11]' (FDRE) to 'Inst_ArmSystemController/DATA_REG_reg[19]'
INFO: [Synth 8-3886] merging instance 'Inst_ArmSystemController/DATA_REG_reg[12]' (FDRE) to 'Inst_ArmSystemController/DATA_REG_reg[20]'
INFO: [Synth 8-3886] merging instance 'Inst_ArmSystemController/DATA_REG_reg[13]' (FDRE) to 'Inst_ArmSystemController/DATA_REG_reg[21]'
INFO: [Synth 8-3886] merging instance 'Inst_ArmSystemController/DATA_REG_reg[14]' (FDRE) to 'Inst_ArmSystemController/DATA_REG_reg[22]'
INFO: [Synth 8-3886] merging instance 'Inst_ArmSystemController/DATA_REG_reg[15]' (FDRE) to 'Inst_ArmSystemController/DATA_REG_reg[23]'
INFO: [Synth 8-3886] merging instance 'Inst_ArmSystemController/DATA_REG_reg[16]' (FDRE) to 'Inst_ArmSystemController/DATA_REG_reg[24]'
INFO: [Synth 8-3886] merging instance 'Inst_ArmSystemController/DATA_REG_reg[17]' (FDRE) to 'Inst_ArmSystemController/DATA_REG_reg[25]'
INFO: [Synth 8-3886] merging instance 'Inst_ArmSystemController/DATA_REG_reg[18]' (FDRE) to 'Inst_ArmSystemController/DATA_REG_reg[26]'
INFO: [Synth 8-3886] merging instance 'Inst_ArmSystemController/DATA_REG_reg[19]' (FDRE) to 'Inst_ArmSystemController/DATA_REG_reg[27]'
INFO: [Synth 8-3886] merging instance 'Inst_ArmSystemController/DATA_REG_reg[20]' (FDRE) to 'Inst_ArmSystemController/DATA_REG_reg[28]'
INFO: [Synth 8-3886] merging instance 'Inst_ArmSystemController/DATA_REG_reg[21]' (FDRE) to 'Inst_ArmSystemController/DATA_REG_reg[29]'
INFO: [Synth 8-3886] merging instance 'Inst_ArmSystemController/DATA_REG_reg[22]' (FDRE) to 'Inst_ArmSystemController/DATA_REG_reg[30]'
INFO: [Synth 8-3886] merging instance 'Inst_ArmSystemController/DATA_REG_reg[23]' (FDRE) to 'Inst_ArmSystemController/DATA_REG_reg[31]'
INFO: [Synth 8-3886] merging instance 'Inst_ArmSystemController/DATA_ADDRESS_VECTOR_reg[29]' (FDRE) to 'Inst_ArmSystemController/DATA_ADDRESS_VECTOR_reg[16]'
INFO: [Synth 8-3886] merging instance 'Inst_ArmSystemController/DATA_ADDRESS_VECTOR_reg[30]' (FDRE) to 'Inst_ArmSystemController/DATA_ADDRESS_VECTOR_reg[16]'
INFO: [Synth 8-3886] merging instance 'Inst_ArmSystemController/DATA_ADDRESS_VECTOR_reg[27]' (FDRE) to 'Inst_ArmSystemController/DATA_ADDRESS_VECTOR_reg[16]'
INFO: [Synth 8-3886] merging instance 'Inst_ArmSystemController/DATA_ADDRESS_VECTOR_reg[26]' (FDRE) to 'Inst_ArmSystemController/DATA_ADDRESS_VECTOR_reg[16]'
INFO: [Synth 8-3886] merging instance 'Inst_ArmSystemController/DATA_ADDRESS_VECTOR_reg[25]' (FDRE) to 'Inst_ArmSystemController/DATA_ADDRESS_VECTOR_reg[16]'
INFO: [Synth 8-3886] merging instance 'Inst_ArmSystemController/DATA_ADDRESS_VECTOR_reg[24]' (FDRE) to 'Inst_ArmSystemController/DATA_ADDRESS_VECTOR_reg[16]'
INFO: [Synth 8-3886] merging instance 'Inst_ArmSystemController/DATA_ADDRESS_VECTOR_reg[23]' (FDRE) to 'Inst_ArmSystemController/DATA_ADDRESS_VECTOR_reg[16]'
INFO: [Synth 8-3886] merging instance 'Inst_ArmSystemController/DATA_ADDRESS_VECTOR_reg[22]' (FDRE) to 'Inst_ArmSystemController/DATA_ADDRESS_VECTOR_reg[16]'
INFO: [Synth 8-3886] merging instance 'Inst_ArmSystemController/DATA_ADDRESS_VECTOR_reg[21]' (FDRE) to 'Inst_ArmSystemController/DATA_ADDRESS_VECTOR_reg[16]'
INFO: [Synth 8-3886] merging instance 'Inst_ArmSystemController/DATA_ADDRESS_VECTOR_reg[20]' (FDRE) to 'Inst_ArmSystemController/DATA_ADDRESS_VECTOR_reg[16]'
INFO: [Synth 8-3886] merging instance 'Inst_ArmSystemController/DATA_ADDRESS_VECTOR_reg[19]' (FDRE) to 'Inst_ArmSystemController/DATA_ADDRESS_VECTOR_reg[16]'
INFO: [Synth 8-3886] merging instance 'Inst_ArmSystemController/DATA_ADDRESS_VECTOR_reg[18]' (FDRE) to 'Inst_ArmSystemController/DATA_ADDRESS_VECTOR_reg[16]'
INFO: [Synth 8-3886] merging instance 'Inst_ArmSystemController/DATA_ADDRESS_VECTOR_reg[17]' (FDRE) to 'Inst_ArmSystemController/DATA_ADDRESS_VECTOR_reg[16]'
INFO: [Synth 8-3886] merging instance 'Inst_ArmSystemController/DATA_ADDRESS_VECTOR_reg[16]' (FDRE) to 'Inst_ArmSystemController/DATA_ADDRESS_VECTOR_reg[28]'
INFO: [Synth 8-3333] propagating constant 0 across sequential element (\Inst_ArmSystemController/DATA_ADDRESS_VECTOR_reg[28] )
INFO: [Synth 8-3886] merging instance 'Inst_ArmRS232Interface/RS232_TRANSMITTER.WSG_DELAY_REG_reg[30]' (FDR) to 'Inst_ArmRS232Interface/RS232_TRANSMITTER.WSG_DELAY_REG_reg[31]'
INFO: [Synth 8-3886] merging instance 'Inst_ArmRS232Interface/RS232_TRANSMITTER.WSG_DELAY_REG_reg[31]' (FDR) to 'Inst_ArmRS232Interface/RS232_TRANSMITTER.WSG_DELAY_REG_reg[29]'
INFO: [Synth 8-3886] merging instance 'Inst_ArmRS232Interface/RS232_TRANSMITTER.WSG_DELAY_REG_reg[29]' (FDR) to 'Inst_ArmRS232Interface/RS232_TRANSMITTER.WSG_DELAY_REG_reg[28]'
INFO: [Synth 8-3886] merging instance 'Inst_ArmRS232Interface/RS232_TRANSMITTER.WSG_DELAY_REG_reg[28]' (FDR) to 'Inst_ArmRS232Interface/RS232_TRANSMITTER.WSG_DELAY_REG_reg[27]'
INFO: [Synth 8-3886] merging instance 'Inst_ArmRS232Interface/RS232_TRANSMITTER.WSG_DELAY_REG_reg[27]' (FDR) to 'Inst_ArmRS232Interface/RS232_TRANSMITTER.WSG_DELAY_REG_reg[26]'
INFO: [Synth 8-3886] merging instance 'Inst_ArmRS232Interface/RS232_TRANSMITTER.WSG_DELAY_REG_reg[26]' (FDR) to 'Inst_ArmRS232Interface/RS232_TRANSMITTER.WSG_DELAY_REG_reg[25]'
INFO: [Synth 8-3886] merging instance 'Inst_ArmRS232Interface/RS232_TRANSMITTER.WSG_DELAY_REG_reg[25]' (FDR) to 'Inst_ArmRS232Interface/RS232_TRANSMITTER.WSG_DELAY_REG_reg[24]'
INFO: [Synth 8-3886] merging instance 'Inst_ArmRS232Interface/RS232_TRANSMITTER.WSG_DELAY_REG_reg[24]' (FDR) to 'Inst_ArmRS232Interface/RS232_TRANSMITTER.WSG_DELAY_REG_reg[23]'
INFO: [Synth 8-3886] merging instance 'Inst_ArmRS232Interface/RS232_TRANSMITTER.WSG_DELAY_REG_reg[23]' (FDR) to 'Inst_ArmRS232Interface/RS232_TRANSMITTER.WSG_DELAY_REG_reg[22]'
INFO: [Synth 8-3886] merging instance 'Inst_ArmRS232Interface/RS232_TRANSMITTER.WSG_DELAY_REG_reg[22]' (FDR) to 'Inst_ArmRS232Interface/RS232_TRANSMITTER.WSG_DELAY_REG_reg[21]'
INFO: [Synth 8-3886] merging instance 'Inst_ArmRS232Interface/RS232_TRANSMITTER.WSG_DELAY_REG_reg[21]' (FDR) to 'Inst_ArmRS232Interface/RS232_TRANSMITTER.WSG_DELAY_REG_reg[20]'
INFO: [Synth 8-3886] merging instance 'Inst_ArmRS232Interface/RS232_TRANSMITTER.WSG_DELAY_REG_reg[20]' (FDR) to 'Inst_ArmRS232Interface/RS232_TRANSMITTER.WSG_DELAY_REG_reg[19]'
INFO: [Synth 8-3886] merging instance 'Inst_ArmRS232Interface/RS232_TRANSMITTER.WSG_DELAY_REG_reg[19]' (FDR) to 'Inst_ArmRS232Interface/RS232_TRANSMITTER.WSG_DELAY_REG_reg[18]'
INFO: [Synth 8-3886] merging instance 'Inst_ArmRS232Interface/RS232_TRANSMITTER.WSG_DELAY_REG_reg[18]' (FDR) to 'Inst_ArmRS232Interface/RS232_TRANSMITTER.WSG_DELAY_REG_reg[17]'
INFO: [Synth 8-3886] merging instance 'Inst_ArmRS232Interface/RS232_TRANSMITTER.WSG_DELAY_REG_reg[17]' (FDR) to 'Inst_ArmRS232Interface/RS232_TRANSMITTER.WSG_DELAY_REG_reg[16]'
INFO: [Synth 8-3886] merging instance 'Inst_ArmRS232Interface/RS232_TRANSMITTER.WSG_DELAY_REG_reg[16]' (FDR) to 'Inst_ArmRS232Interface/RS232_TRANSMITTER.WSG_DELAY_REG_reg[15]'
INFO: [Synth 8-3886] merging instance 'Inst_ArmRS232Interface/RS232_TRANSMITTER.WSG_DELAY_REG_reg[15]' (FDR) to 'Inst_ArmRS232Interface/RS232_TRANSMITTER.WSG_DELAY_REG_reg[14]'
INFO: [Synth 8-3886] merging instance 'Inst_ArmRS232Interface/RS232_TRANSMITTER.WSG_DELAY_REG_reg[14]' (FDR) to 'Inst_ArmRS232Interface/RS232_TRANSMITTER.WSG_DELAY_REG_reg[13]'
INFO: [Synth 8-3886] merging instance 'Inst_ArmRS232Interface/RS232_TRANSMITTER.WSG_DELAY_REG_reg[13]' (FDR) to 'Inst_ArmRS232Interface/RS232_TRANSMITTER.WSG_DELAY_REG_reg[12]'
INFO: [Synth 8-3886] merging instance 'Inst_ArmRS232Interface/RS232_TRANSMITTER.WSG_DELAY_REG_reg[12]' (FDR) to 'Inst_ArmRS232Interface/RS232_TRANSMITTER.WSG_DELAY_REG_reg[11]'
INFO: [Synth 8-3886] merging instance 'Inst_ArmRS232Interface/RS232_TRANSMITTER.WSG_DELAY_REG_reg[11]' (FDR) to 'Inst_ArmRS232Interface/RS232_TRANSMITTER.WSG_DELAY_REG_reg[10]'
INFO: [Synth 8-3886] merging instance 'Inst_ArmRS232Interface/RS232_TRANSMITTER.WSG_DELAY_REG_reg[10]' (FDR) to 'Inst_ArmRS232Interface/RS232_TRANSMITTER.WSG_DELAY_REG_reg[9]'
INFO: [Synth 8-3886] merging instance 'Inst_ArmRS232Interface/RS232_TRANSMITTER.WSG_DELAY_REG_reg[9]' (FDR) to 'Inst_ArmRS232Interface/RS232_TRANSMITTER.WSG_DELAY_REG_reg[6]'
INFO: [Synth 8-3886] merging instance 'Inst_ArmRS232Interface/RS232_TRANSMITTER.WSG_DELAY_REG_reg[7]' (FDR) to 'Inst_ArmRS232Interface/RS232_TRANSMITTER.WSG_DELAY_REG_reg[0]'
INFO: [Synth 8-3886] merging instance 'Inst_ArmRS232Interface/RS232_TRANSMITTER.WSG_DELAY_REG_reg[6]' (FDR) to 'Inst_ArmRS232Interface/RS232_TRANSMITTER.WSG_DELAY_REG_reg[4]'
INFO: [Synth 8-3886] merging instance 'Inst_ArmRS232Interface/RS232_TRANSMITTER.WSG_DELAY_REG_reg[5]' (FDR) to 'Inst_ArmRS232Interface/RS232_TRANSMITTER.WSG_DELAY_REG_reg[0]'
INFO: [Synth 8-3886] merging instance 'Inst_ArmRS232Interface/RS232_TRANSMITTER.WSG_DELAY_REG_reg[4]' (FDR) to 'Inst_ArmRS232Interface/RS232_TRANSMITTER.WSG_DELAY_REG_reg[1]'
INFO: [Synth 8-3886] merging instance 'Inst_ArmRS232Interface/RS232_TRANSMITTER.WSG_DELAY_REG_reg[3]' (FDR) to 'Inst_ArmRS232Interface/RS232_TRANSMITTER.WSG_DELAY_REG_reg[0]'
INFO: [Synth 8-3333] propagating constant 1 across sequential element (\Inst_ArmRS232Interface/RS232_TRANSMITTER.WSG_DELAY_REG_reg[2] )
INFO: [Synth 8-3333] propagating constant 0 across sequential element (\Inst_ArmRS232Interface/RS232_TRANSMITTER.WSG_DELAY_REG_reg[1] )
WARNING: [Synth 8-3332] Sequential element (Inst_ArmRS232Interface/RS232_RECEIVER.WSG_DELAY_REG_reg[2]) is unused and will be removed from module ArmUncoreTop.
WARNING: [Synth 8-3332] Sequential element (Inst_ArmRS232Interface/RS232_RECEIVER.WSG_DELAY_REG_reg[1]) is unused and will be removed from module ArmUncoreTop.
WARNING: [Synth 8-3332] Sequential element (Inst_ArmRS232Interface/RS232_TRANSMITTER.WSG_DELAY_REG_reg[2]) is unused and will be removed from module ArmUncoreTop.
WARNING: [Synth 8-3332] Sequential element (Inst_ArmRS232Interface/RS232_TRANSMITTER.WSG_DELAY_REG_reg[1]) is unused and will be removed from module ArmUncoreTop.
WARNING: [Synth 8-3332] Sequential element (Inst_ArmRS232Interface/INTERFACE_COMMUNICATION.REGISTER_SET_reg[2][7]) is unused and will be removed from module ArmUncoreTop.
WARNING: [Synth 8-3332] Sequential element (Inst_ArmSystemController/DATA_ADDRESS_VECTOR_reg[28]) is unused and will be removed from module ArmUncoreTop.
---------------------------------------------------------------------------------
Finished Cross Boundary and Area Optimization : Time (s): cpu = 00:00:31 ; elapsed = 00:00:51 . Memory (MB): peak = 1655.062 ; gain = 478.145 ; free physical = 21786 ; free virtual = 32408
---------------------------------------------------------------------------------
---------------------------------------------------------------------------------
Start ROM, RAM, DSP and Shift Register Reporting
---------------------------------------------------------------------------------

Block RAM: Preliminary Mapping  Report (see note below)
+--------------+------------+------------------------+---+---+------------------------+---+---+------------------+--------+--------+
|Module Name   | RTL Object | PORT A (Depth x Width) | W | R | PORT B (Depth x Width) | W | R | Ports driving FF | RAMB18 | RAMB36 | 
+--------------+------------+------------------------+---+---+------------------------+---+---+------------------+--------+--------+
|ArmRAMB_4kx8: | RAM_reg    | 4 K x 8(READ_FIRST)    | W | R | 4 K x 8(WRITE_FIRST)   |   | R | Port A and B     | 0      | 1      | 
|ArmRAMB_4kx8: | RAM_reg    | 4 K x 8(READ_FIRST)    | W | R | 4 K x 8(WRITE_FIRST)   |   | R | Port A and B     | 0      | 1      | 
|ArmRAMB_4kx8: | RAM_reg    | 4 K x 8(READ_FIRST)    | W | R | 4 K x 8(WRITE_FIRST)   |   | R | Port A and B     | 0      | 1      | 
|ArmRAMB_4kx8: | RAM_reg    | 4 K x 8(READ_FIRST)    | W | R | 4 K x 8(WRITE_FIRST)   |   | R | Port A and B     | 0      | 1      | 
+--------------+------------+------------------------+---+---+------------------------+---+---+------------------+--------+--------+

Note: The tale above is a preliminary report that shows the Block RAMs at the current stage of the synthesis flow. Some Block RAMs may be reimplemented as non Block RAM primitives later in the synthesis flow. Multiple instantiated Block RAMs are reported only once. 
---------------------------------------------------------------------------------
Finished ROM, RAM, DSP and Shift Register Reporting
---------------------------------------------------------------------------------

Report RTL Partitions: 
+-+--------------+------------+----------+
| |RTL Partition |Replication |Instances |
+-+--------------+------------+----------+
+-+--------------+------------+----------+
---------------------------------------------------------------------------------
Start Applying XDC Timing Constraints
---------------------------------------------------------------------------------
INFO: [Synth 8-5578] Moved timing constraint from pin 'Inst_ArmSystemController/Inst_ArmClkGen/clk_out1' to pin 'Inst_ArmSystemController/Inst_ArmClkGen/bbstub_clk_out1/O'
INFO: [Synth 8-5578] Moved timing constraint from pin 'Inst_ArmSystemController/Inst_ArmClkGen/clk_out2' to pin 'Inst_ArmSystemController/Inst_ArmClkGen/bbstub_clk_out2/O'
INFO: [Synth 8-5819] Moved 2 constraints on hierarchical pins to their respective driving/loading pins
---------------------------------------------------------------------------------
Finished Applying XDC Timing Constraints : Time (s): cpu = 00:00:39 ; elapsed = 00:01:01 . Memory (MB): peak = 1655.062 ; gain = 478.145 ; free physical = 21647 ; free virtual = 32284
---------------------------------------------------------------------------------
---------------------------------------------------------------------------------
Start Timing Optimization
---------------------------------------------------------------------------------
---------------------------------------------------------------------------------
Finished Timing Optimization : Time (s): cpu = 00:00:39 ; elapsed = 00:01:02 . Memory (MB): peak = 1655.062 ; gain = 478.145 ; free physical = 21638 ; free virtual = 32275
---------------------------------------------------------------------------------
---------------------------------------------------------------------------------
Start ROM, RAM, DSP and Shift Register Reporting
---------------------------------------------------------------------------------

Block RAM: Final Mapping  Report
+--------------+----------------------------------------------------------------+------------------------+---+---+------------------------+---+---+------------------+--------+--------+
|Module Name   | RTL Object                                                     | PORT A (Depth x Width) | W | R | PORT B (Depth x Width) | W | R | Ports driving FF | RAMB18 | RAMB36 | 
+--------------+----------------------------------------------------------------+------------------------+---+---+------------------------+---+---+------------------+--------+--------+
|ArmRAMB_4kx8: | RAM_reg                                                        | 4 K x 8(READ_FIRST)    | W | R | 4 K x 8(WRITE_FIRST)   |   | R | Port A and B     | 0      | 1      | 
|ArmRAMB_4kx8: | RAM_reg                                                        | 4 K x 8(READ_FIRST)    | W | R | 4 K x 8(WRITE_FIRST)   |   | R | Port A and B     | 0      | 1      | 
|ArmRAMB_4kx8: | RAM_reg                                                        | 4 K x 8(READ_FIRST)    | W | R | 4 K x 8(WRITE_FIRST)   |   | R | Port A and B     | 0      | 1      | 
|ArmUncoreTop  | Inst_ArmMemInterface/RAM_BLOCK/ArmRAMB_32[0].ArmRAMB_8/RAM_reg | 4 K x 8(READ_FIRST)    | W | R | 4 K x 8(WRITE_FIRST)   |   | R | Port A and B     | 0      | 1      | 
+--------------+----------------------------------------------------------------+------------------------+---+---+------------------------+---+---+------------------+--------+--------+

---------------------------------------------------------------------------------
Finished ROM, RAM, DSP and Shift Register Reporting
---------------------------------------------------------------------------------

Report RTL Partitions: 
+-+--------------+------------+----------+
| |RTL Partition |Replication |Instances |
+-+--------------+------------+----------+
+-+--------------+------------+----------+
---------------------------------------------------------------------------------
Start Technology Mapping
---------------------------------------------------------------------------------
INFO: [Synth 8-4480] The timing for the instance Inst_ArmMemInterface/RAM_BLOCK/ArmRAMB_32[3].ArmRAMB_8/RAM_reg (implemented as a block RAM) might be sub-optimal as no optional output register could be merged into the block ram. Providing additional output register may help in improving timing.
INFO: [Synth 8-4480] The timing for the instance Inst_ArmMemInterface/RAM_BLOCK/ArmRAMB_32[2].ArmRAMB_8/RAM_reg (implemented as a block RAM) might be sub-optimal as no optional output register could be merged into the block ram. Providing additional output register may help in improving timing.
INFO: [Synth 8-4480] The timing for the instance Inst_ArmMemInterface/RAM_BLOCK/ArmRAMB_32[1].ArmRAMB_8/RAM_reg (implemented as a block RAM) might be sub-optimal as no optional output register could be merged into the block ram. Providing additional output register may help in improving timing.
INFO: [Synth 8-4480] The timing for the instance Inst_ArmMemInterface/RAM_BLOCK/ArmRAMB_32[0].ArmRAMB_8/RAM_reg (implemented as a block RAM) might be sub-optimal as no optional output register could be merged into the block ram. Providing additional output register may help in improving timing.
---------------------------------------------------------------------------------
Finished Technology Mapping : Time (s): cpu = 00:00:40 ; elapsed = 00:01:03 . Memory (MB): peak = 1655.062 ; gain = 478.145 ; free physical = 21635 ; free virtual = 32272
---------------------------------------------------------------------------------

Report RTL Partitions: 
+-+--------------+------------+----------+
| |RTL Partition |Replication |Instances |
+-+--------------+------------+----------+
+-+--------------+------------+----------+
---------------------------------------------------------------------------------
Start IO Insertion
---------------------------------------------------------------------------------
---------------------------------------------------------------------------------
Start Flattening Before IO Insertion
---------------------------------------------------------------------------------
---------------------------------------------------------------------------------
Finished Flattening Before IO Insertion
---------------------------------------------------------------------------------
---------------------------------------------------------------------------------
Start Final Netlist Cleanup
---------------------------------------------------------------------------------
---------------------------------------------------------------------------------
Finished Final Netlist Cleanup
---------------------------------------------------------------------------------
---------------------------------------------------------------------------------
Finished IO Insertion : Time (s): cpu = 00:00:40 ; elapsed = 00:01:03 . Memory (MB): peak = 1655.062 ; gain = 478.145 ; free physical = 21630 ; free virtual = 32267
---------------------------------------------------------------------------------

Report Check Netlist: 
+------+------------------+-------+---------+-------+------------------+
|      |Item              |Errors |Warnings |Status |Description       |
+------+------------------+-------+---------+-------+------------------+
|1     |multi_driven_nets |      0|        0|Passed |Multi driven nets |
+------+------------------+-------+---------+-------+------------------+
---------------------------------------------------------------------------------
Start Renaming Generated Instances
---------------------------------------------------------------------------------
---------------------------------------------------------------------------------
Finished Renaming Generated Instances : Time (s): cpu = 00:00:40 ; elapsed = 00:01:03 . Memory (MB): peak = 1655.062 ; gain = 478.145 ; free physical = 21630 ; free virtual = 32267
---------------------------------------------------------------------------------

Report RTL Partitions: 
+-+--------------+------------+----------+
| |RTL Partition |Replication |Instances |
+-+--------------+------------+----------+
+-+--------------+------------+----------+
---------------------------------------------------------------------------------
Start Rebuilding User Hierarchy
---------------------------------------------------------------------------------
---------------------------------------------------------------------------------
Finished Rebuilding User Hierarchy : Time (s): cpu = 00:00:40 ; elapsed = 00:01:03 . Memory (MB): peak = 1655.062 ; gain = 478.145 ; free physical = 21630 ; free virtual = 32267
---------------------------------------------------------------------------------
---------------------------------------------------------------------------------
Start Renaming Generated Ports
---------------------------------------------------------------------------------
---------------------------------------------------------------------------------
Finished Renaming Generated Ports : Time (s): cpu = 00:00:40 ; elapsed = 00:01:03 . Memory (MB): peak = 1655.062 ; gain = 478.145 ; free physical = 21630 ; free virtual = 32267
---------------------------------------------------------------------------------
---------------------------------------------------------------------------------
Start Handling Custom Attributes
---------------------------------------------------------------------------------
---------------------------------------------------------------------------------
Finished Handling Custom Attributes : Time (s): cpu = 00:00:40 ; elapsed = 00:01:03 . Memory (MB): peak = 1655.062 ; gain = 478.145 ; free physical = 21628 ; free virtual = 32264
---------------------------------------------------------------------------------
---------------------------------------------------------------------------------
Start Renaming Generated Nets
---------------------------------------------------------------------------------
---------------------------------------------------------------------------------
Finished Renaming Generated Nets : Time (s): cpu = 00:00:40 ; elapsed = 00:01:03 . Memory (MB): peak = 1655.062 ; gain = 478.145 ; free physical = 21627 ; free virtual = 32264
---------------------------------------------------------------------------------
---------------------------------------------------------------------------------
Start Writing Synthesis Report
---------------------------------------------------------------------------------

Report BlackBoxes: 
+------+--------------+----------+
|      |BlackBox name |Instances |
+------+--------------+----------+
|1     |ArmClkGen     |         1|
+------+--------------+----------+

Report Cell Usage: 
+------+-----------------+------+
|      |Cell             |Count |
+------+-----------------+------+
|1     |ArmClkGen_bbox_0 |     1|
|2     |CARRY4           |    39|
|3     |LUT1             |     4|
|4     |LUT2             |   216|
|5     |LUT3             |    95|
|6     |LUT4             |    46|
|7     |LUT5             |    37|
|8     |LUT6             |   104|
|9     |MUXF7            |     1|
|10    |RAMB36E1         |     4|
|11    |FDRE             |   255|
|12    |FDSE             |    11|
|13    |IBUF             |     3|
|14    |OBUF             |     9|
+------+-----------------+------+

Report Instance Areas: 
+------+--------------------------------+---------------------------------------+------+
|      |Instance                        |Module                                 |Cells |
+------+--------------------------------+---------------------------------------+------+
|1     |top                             |                                       |   827|
|2     |  Debouncing_EXT_LDP            |ArmSwitchDebounce                      |    42|
|3     |    SAMPLE_CLK_GEN              |ArmWaitStateGenAsync                   |    40|
|4     |  Inst_ArmMemInterface          |ArmMemInterface                        |    88|
|5     |    RAM_BLOCK                   |ArmRAMB_4kx32                          |    88|
|6     |      \ArmRAMB_32[0].ArmRAMB_8  |ArmRAMB_4kx8                           |    21|
|7     |      \ArmRAMB_32[1].ArmRAMB_8  |ArmRAMB_4kx8_1                         |    19|
|8     |      \ArmRAMB_32[2].ArmRAMB_8  |ArmRAMB_4kx8_2                         |    21|
|9     |      \ArmRAMB_32[3].ArmRAMB_8  |ArmRAMB_4kx8_3                         |    27|
|10    |  Inst_ArmRS232Interface        |ArmRS232Interface                      |   333|
|11    |    \RS232_RECEIVER.WSG         |ArmWaitStateGenAsync__parameterized0   |    85|
|12    |    \RS232_TRANSMITTER.WSG      |ArmWaitStateGenAsync__parameterized0_0 |    83|
|13    |  Inst_ArmSystemController      |ArmSystemController                    |   352|
+------+--------------------------------+---------------------------------------+------+
---------------------------------------------------------------------------------
Finished Writing Synthesis Report : Time (s): cpu = 00:00:40 ; elapsed = 00:01:03 . Memory (MB): peak = 1655.062 ; gain = 478.145 ; free physical = 21627 ; free virtual = 32263
---------------------------------------------------------------------------------
Synthesis finished with 0 errors, 0 critical warnings and 11 warnings.
Synthesis Optimization Runtime : Time (s): cpu = 00:00:29 ; elapsed = 00:00:35 . Memory (MB): peak = 1655.062 ; gain = 119.531 ; free physical = 21672 ; free virtual = 32309
Synthesis Optimization Complete : Time (s): cpu = 00:00:40 ; elapsed = 00:01:03 . Memory (MB): peak = 1655.062 ; gain = 478.145 ; free physical = 21677 ; free virtual = 32314
INFO: [Project 1-571] Translating synthesized netlist
INFO: [Netlist 29-17] Analyzing 47 Unisim elements for replacement
INFO: [Netlist 29-28] Unisim Transformation completed in 0 CPU seconds
INFO: [Project 1-570] Preparing netlist for logic optimization
INFO: [Opt 31-138] Pushed 0 inverter(s) to 0 load pin(s).
INFO: [Project 1-111] Unisim Transformation Summary:
No Unisim elements were transformed.

INFO: [Common 17-83] Releasing license: Synthesis
162 Infos, 66 Warnings, 0 Critical Warnings and 0 Errors encountered.
synth_design completed successfully
synth_design: Time (s): cpu = 00:00:42 ; elapsed = 00:01:06 . Memory (MB): peak = 1665.086 ; gain = 507.266 ; free physical = 21681 ; free virtual = 32326
INFO: [Common 17-1381] The checkpoint '/afs/tu-berlin.de/home/v/vincenthp2603/irb-ubuntu/HardwarePratikum/HardwarePRK-SoSe20/Blatt05/Vivado_WORK/Tutorial/vivado_project/HWP5/HWP5.runs/synth_1/ArmUncoreTop.dcp' has been generated.
INFO: [runtcl-4] Executing : report_utilization -file ArmUncoreTop_utilization_synth.rpt -pb ArmUncoreTop_utilization_synth.pb
report_utilization: Time (s): cpu = 00:00:00.21 ; elapsed = 00:00:00.35 . Memory (MB): peak = 1689.098 ; gain = 0.000 ; free physical = 21675 ; free virtual = 32325
INFO: [Common 17-206] Exiting Vivado at Sun Jun 14 19:26:53 2020...
