# //  Questa Sim-64
# //  Version 10.2c_5 linux_x86_64 Nov 19 2013
# //
# //  Copyright 1991-2013 Mentor Graphics Corporation
# //  All Rights Reserved.
# //
# //  THIS WORK CONTAINS TRADE SECRET AND PROPRIETARY INFORMATION
# //  WHICH IS THE PROPERTY OF MENTOR GRAPHICS CORPORATION OR ITS
# //  LICENSORS AND IS SUBJECT TO LICENSE TERMS.
# //
# do {ArmLdmStmNextAddress_TB_simulate.do} 
# vsim +transport_int_delays +pulse_int_e/0 +pulse_int_r/0 +pulse_e/0 +pulse_r/0 -lib xil_defaultlib ArmLdmStmNextAddress_TB_opt 
# Loading std.standard
# Loading std.textio(body)
# Loading ieee.std_logic_1164(body)
# Loading ieee.numeric_std(body)
# Loading work.armtypes(body)
# Loading work.armconfiguration
# Loading ieee.std_logic_textio(body)
# Loading work.armfilepaths(body)
# Loading work.tb_tools(body)
# Loading work.armldmstmnextaddress_tb(testbench)#1
# Loading work.glbl(fast)
# Loading work.ArmLdmStmNextAddress(fast)
# Loading simprims_ver.OBUF(fast)
# Loading simprims_ver.LUT6(fast)
# Loading simprims_ver.LUT6(fast__1)
# Loading simprims_ver.LUT6(fast__2)
# Loading simprims_ver.LUT6(fast__3)
# Loading simprims_ver.LUT5(fast)
# Loading simprims_ver.LUT2(fast)
# Loading simprims_ver.LUT6(fast__4)
# Loading simprims_ver.LUT6(fast__5)
# Loading simprims_ver.LUT2(fast__1)
# Loading simprims_ver.LUT4(fast)
# Loading simprims_ver.LUT4(fast__1)
# Loading simprims_ver.LUT6(fast__6)
# Loading simprims_ver.LUT5(fast__1)
# Loading simprims_ver.IBUF(fast)
# Loading simprims_ver.LUT4(fast__2)
# Loading simprims_ver.LUT6(fast__7)
# Loading simprims_ver.LUT6(fast__8)
# Loading simprims_ver.LUT6(fast__9)
# Loading simprims_ver.LUT4(fast__3)
# Loading simprims_ver.LUT5(fast__2)
# Loading simprims_ver.LUT6(fast__10)
# Loading simprims_ver.LUT5(fast__3)
# Loading simprims_ver.LUT6(fast__11)
# Loading simprims_ver.LUT5(fast__4)
# Loading simprims_ver.FDRE(fast)
# Loading simprims_ver.BUFG(fast)
# Loading instances from ArmLdmStmNextAddress_TB_time_impl.sdf
# Loading timing data from ArmLdmStmNextAddress_TB_time_impl.sdf
# ** Note: (vsim-3587) SDF Backannotation Successfully Completed.
#    Time: 0 ps  Iteration: 0  Instance: /armldmstmnextaddress_tb File: ../../../../../../src/ArmLdmStmNextAddress_tb.vhd
# ** Warning: (vsim-3316) No solution possible for some delayed timing check nets. 96 negative limits were zeroed. Use +ntc_warn for more info.
#         Region: /armldmstmnextaddress_tb
# 1
# 1
# .main_pane.wave.interior.cs.body.pw.wf
# .main_pane.structure.interior.cs.body.struct
# .main_pane.objects.interior.cs.body.tree
# ** Note: Start der Simulation...
#    Time: 0 ps  Iteration: 0  Instance: /armldmstmnextaddress_tb
# ** Note: --------------------------------------------------------------------------------
#    Time: 0 ps  Iteration: 0  Instance: /armldmstmnextaddress_tb
# ** Note: In den folgenden Testcases wird jeweils ein Testvektor geladen und gewartet, bis alle gesetzten Bits zurueckgesetzt wurden.
#    Time: 525 ns  Iteration: 0  Instance: /armldmstmnextaddress_tb
# ** Note: Nach jeder Taktflanke werden die Ausgaenge der Unit Under Test ueberprueft und mit Referenzwerten verglichen.
#    Time: 525 ns  Iteration: 0  Instance: /armldmstmnextaddress_tb
# ** Note: Zwischen Taktflanke und Wertevergleich liegt eine ausreichende Zeitspanne.
#    Time: 525 ns  Iteration: 0  Instance: /armldmstmnextaddress_tb
# ** Note: --------------------------------------------------------------------------------
#    Time: 525 ns  Iteration: 0  Instance: /armldmstmnextaddress_tb
# ** Note: Testcase 1: 
#    Time: 525 ns  Iteration: 0  Instance: /armldmstmnextaddress_tb
# ** Note: Testvektor : 0000000000000001
#    Time: 525 ns  Iteration: 0  Instance: /armldmstmnextaddress_tb
# ** Note: Testcase 1 korrekt
#    Time: 731250 ps  Iteration: 0  Instance: /armldmstmnextaddress_tb
# ** Note: --------------------------------------------------------------------------------
#    Time: 731250 ps  Iteration: 0  Instance: /armldmstmnextaddress_tb
# ** Note: --------------------------------------------------------------------------------
#    Time: 731250 ps  Iteration: 0  Instance: /armldmstmnextaddress_tb
# ** Note: Testcase 2: 
#    Time: 731250 ps  Iteration: 0  Instance: /armldmstmnextaddress_tb
# ** Note: Testvektor : 0000000000000010
#    Time: 731250 ps  Iteration: 0  Instance: /armldmstmnextaddress_tb
# ** Note: Testcase 2 korrekt
#    Time: 931250 ps  Iteration: 0  Instance: /armldmstmnextaddress_tb
# ** Note: --------------------------------------------------------------------------------
#    Time: 931250 ps  Iteration: 0  Instance: /armldmstmnextaddress_tb
# ** Note: --------------------------------------------------------------------------------
#    Time: 931250 ps  Iteration: 0  Instance: /armldmstmnextaddress_tb
# ** Note: Testcase 3: 
#    Time: 931250 ps  Iteration: 0  Instance: /armldmstmnextaddress_tb
# ** Note: Testvektor : 1000000000000001
#    Time: 931250 ps  Iteration: 0  Instance: /armldmstmnextaddress_tb
add wave -position insertpoint  \
sim:/armldmstmnextaddress_tb/SYS_CLK
run -all
# ** Note: Testcase 3 korrekt
#    Time: 1231250 ps  Iteration: 0  Instance: /armldmstmnextaddress_tb
# ** Note: --------------------------------------------------------------------------------
#    Time: 1231250 ps  Iteration: 0  Instance: /armldmstmnextaddress_tb
# ** Note: --------------------------------------------------------------------------------
#    Time: 1231250 ps  Iteration: 0  Instance: /armldmstmnextaddress_tb
# ** Note: Testcase 4: 
#    Time: 1231250 ps  Iteration: 0  Instance: /armldmstmnextaddress_tb
# ** Note: Testvektor : 1111111111111111
#    Time: 1231250 ps  Iteration: 0  Instance: /armldmstmnextaddress_tb
# ** Note: Testcase 4 korrekt
#    Time: 2912500 ps  Iteration: 0  Instance: /armldmstmnextaddress_tb
# ** Note: --------------------------------------------------------------------------------
#    Time: 2912500 ps  Iteration: 0  Instance: /armldmstmnextaddress_tb
# ** Note: --------------------------------------------------------------------------------
#    Time: 2912500 ps  Iteration: 0  Instance: /armldmstmnextaddress_tb
# ** Note: Testcase 5: 
#    Time: 2912500 ps  Iteration: 0  Instance: /armldmstmnextaddress_tb
# ** Note: Testvektor : 0000000000000000
#    Time: 2912500 ps  Iteration: 0  Instance: /armldmstmnextaddress_tb
# ** Note: Testcase 5 korrekt
#    Time: 3031250 ps  Iteration: 0  Instance: /armldmstmnextaddress_tb
# ** Note: --------------------------------------------------------------------------------
#    Time: 3031250 ps  Iteration: 0  Instance: /armldmstmnextaddress_tb
# ** Note: --------------------------------------------------------------------------------
#    Time: 3031250 ps  Iteration: 0  Instance: /armldmstmnextaddress_tb
# ** Note: Testcase 6: 
#    Time: 3031250 ps  Iteration: 0  Instance: /armldmstmnextaddress_tb
# ** Note: Testvektor : 0000000000000001
#    Time: 3031250 ps  Iteration: 0  Instance: /armldmstmnextaddress_tb
# ** Note: Testcase 6 korrekt
#    Time: 3231250 ps  Iteration: 0  Instance: /armldmstmnextaddress_tb
# ** Note: --------------------------------------------------------------------------------
#    Time: 3231250 ps  Iteration: 0  Instance: /armldmstmnextaddress_tb
# ** Note: --------------------------------------------------------------------------------
#    Time: 3231250 ps  Iteration: 0  Instance: /armldmstmnextaddress_tb
# ** Note: Testcase 7: 
#    Time: 3231250 ps  Iteration: 0  Instance: /armldmstmnextaddress_tb
# ** Note: Testvektor : 0000000000000111
#    Time: 3231250 ps  Iteration: 0  Instance: /armldmstmnextaddress_tb
# ** Note: Testcase 7 korrekt
#    Time: 3631250 ps  Iteration: 0  Instance: /armldmstmnextaddress_tb
# ** Note: --------------------------------------------------------------------------------
#    Time: 3631250 ps  Iteration: 0  Instance: /armldmstmnextaddress_tb
# ** Note: --------------------------------------------------------------------------------
#    Time: 3631250 ps  Iteration: 0  Instance: /armldmstmnextaddress_tb
# ** Note: Testcase 8: 
#    Time: 3631250 ps  Iteration: 0  Instance: /armldmstmnextaddress_tb
# ** Note: Testvektor : 0000000000001111
#    Time: 3631250 ps  Iteration: 0  Instance: /armldmstmnextaddress_tb
# ** Note: Testcase 8 korrekt
#    Time: 4131250 ps  Iteration: 0  Instance: /armldmstmnextaddress_tb
# ** Note: --------------------------------------------------------------------------------
#    Time: 4131250 ps  Iteration: 0  Instance: /armldmstmnextaddress_tb
# ** Note: --------------------------------------------------------------------------------
#    Time: 4131250 ps  Iteration: 0  Instance: /armldmstmnextaddress_tb
# ** Note: Testcase 9: 
#    Time: 4131250 ps  Iteration: 0  Instance: /armldmstmnextaddress_tb
# ** Note: Testvektor : 0000000000011111
#    Time: 4131250 ps  Iteration: 0  Instance: /armldmstmnextaddress_tb
# ** Note: Testcase 9 korrekt
#    Time: 4731250 ps  Iteration: 0  Instance: /armldmstmnextaddress_tb
# ** Note: --------------------------------------------------------------------------------
#    Time: 4731250 ps  Iteration: 0  Instance: /armldmstmnextaddress_tb
# ** Note: --------------------------------------------------------------------------------
#    Time: 4731250 ps  Iteration: 0  Instance: /armldmstmnextaddress_tb
# ** Note: Testcase 10: 
#    Time: 4731250 ps  Iteration: 0  Instance: /armldmstmnextaddress_tb
# ** Note: Testvektor : 0000000000111111
#    Time: 4731250 ps  Iteration: 0  Instance: /armldmstmnextaddress_tb
# ** Note: Testcase 10 korrekt
#    Time: 5431250 ps  Iteration: 0  Instance: /armldmstmnextaddress_tb
# ** Note: --------------------------------------------------------------------------------
#    Time: 5431250 ps  Iteration: 0  Instance: /armldmstmnextaddress_tb
# ** Note: --------------------------------------------------------------------------------
#    Time: 5431250 ps  Iteration: 0  Instance: /armldmstmnextaddress_tb
# ** Note: Testcase 11: 
#    Time: 5431250 ps  Iteration: 0  Instance: /armldmstmnextaddress_tb
# ** Note: Testvektor : 0000000001111111
#    Time: 5431250 ps  Iteration: 0  Instance: /armldmstmnextaddress_tb
# ** Note: Testcase 11 korrekt
#    Time: 6231250 ps  Iteration: 0  Instance: /armldmstmnextaddress_tb
# ** Note: --------------------------------------------------------------------------------
#    Time: 6231250 ps  Iteration: 0  Instance: /armldmstmnextaddress_tb
# ** Note: --------------------------------------------------------------------------------
#    Time: 6231250 ps  Iteration: 0  Instance: /armldmstmnextaddress_tb
# ** Note: Testcase 12: 
#    Time: 6231250 ps  Iteration: 0  Instance: /armldmstmnextaddress_tb
# ** Note: Testvektor : 0000000011111111
#    Time: 6231250 ps  Iteration: 0  Instance: /armldmstmnextaddress_tb
# ** Note: Testcase 12 korrekt
#    Time: 7131250 ps  Iteration: 0  Instance: /armldmstmnextaddress_tb
# ** Note: --------------------------------------------------------------------------------
#    Time: 7131250 ps  Iteration: 0  Instance: /armldmstmnextaddress_tb
# ** Note: --------------------------------------------------------------------------------
#    Time: 7131250 ps  Iteration: 0  Instance: /armldmstmnextaddress_tb
# ** Note: Testcase 13: 
#    Time: 7131250 ps  Iteration: 0  Instance: /armldmstmnextaddress_tb
# ** Note: Testvektor : 0000000111111111
#    Time: 7131250 ps  Iteration: 0  Instance: /armldmstmnextaddress_tb
# ** Note: Testcase 13 korrekt
#    Time: 8131250 ps  Iteration: 0  Instance: /armldmstmnextaddress_tb
# ** Note: --------------------------------------------------------------------------------
#    Time: 8131250 ps  Iteration: 0  Instance: /armldmstmnextaddress_tb
# ** Note: --------------------------------------------------------------------------------
#    Time: 8131250 ps  Iteration: 0  Instance: /armldmstmnextaddress_tb
# ** Note: Testcase 14: 
#    Time: 8131250 ps  Iteration: 0  Instance: /armldmstmnextaddress_tb
# ** Note: Testvektor : 0000001111111111
#    Time: 8131250 ps  Iteration: 0  Instance: /armldmstmnextaddress_tb
# ** Note: Testcase 14 korrekt
#    Time: 9231250 ps  Iteration: 0  Instance: /armldmstmnextaddress_tb
# ** Note: --------------------------------------------------------------------------------
#    Time: 9231250 ps  Iteration: 0  Instance: /armldmstmnextaddress_tb
# ** Note: --------------------------------------------------------------------------------
#    Time: 9231250 ps  Iteration: 0  Instance: /armldmstmnextaddress_tb
# ** Note: Testcase 15: 
#    Time: 9231250 ps  Iteration: 0  Instance: /armldmstmnextaddress_tb
# ** Note: Testvektor : 0000011111111111
#    Time: 9231250 ps  Iteration: 0  Instance: /armldmstmnextaddress_tb
# ** Note: Testcase 15 korrekt
#    Time: 10431250 ps  Iteration: 0  Instance: /armldmstmnextaddress_tb
# ** Note: --------------------------------------------------------------------------------
#    Time: 10431250 ps  Iteration: 0  Instance: /armldmstmnextaddress_tb
# ** Note: --------------------------------------------------------------------------------
#    Time: 10431250 ps  Iteration: 0  Instance: /armldmstmnextaddress_tb
# ** Note: Testcase 16: 
#    Time: 10431250 ps  Iteration: 0  Instance: /armldmstmnextaddress_tb
# ** Note: Testvektor : 0000111111111111
#    Time: 10431250 ps  Iteration: 0  Instance: /armldmstmnextaddress_tb
# ** Note: Testcase 16 korrekt
#    Time: 11731250 ps  Iteration: 0  Instance: /armldmstmnextaddress_tb
# ** Note: --------------------------------------------------------------------------------
#    Time: 11731250 ps  Iteration: 0  Instance: /armldmstmnextaddress_tb
# ** Note: --------------------------------------------------------------------------------
#    Time: 11731250 ps  Iteration: 0  Instance: /armldmstmnextaddress_tb
# ** Note: Testcase 17: 
#    Time: 11731250 ps  Iteration: 0  Instance: /armldmstmnextaddress_tb
# ** Note: Testvektor : 0001111111111111
#    Time: 11731250 ps  Iteration: 0  Instance: /armldmstmnextaddress_tb
# ** Note: Testcase 17 korrekt
#    Time: 13131250 ps  Iteration: 0  Instance: /armldmstmnextaddress_tb
# ** Note: --------------------------------------------------------------------------------
#    Time: 13131250 ps  Iteration: 0  Instance: /armldmstmnextaddress_tb
# ** Note: --------------------------------------------------------------------------------
#    Time: 13131250 ps  Iteration: 0  Instance: /armldmstmnextaddress_tb
# ** Note: Testcase 18: 
#    Time: 13131250 ps  Iteration: 0  Instance: /armldmstmnextaddress_tb
# ** Note: Testvektor : 0011111111111111
#    Time: 13131250 ps  Iteration: 0  Instance: /armldmstmnextaddress_tb
# ** Note: Testcase 18 korrekt
#    Time: 14631250 ps  Iteration: 0  Instance: /armldmstmnextaddress_tb
# ** Note: --------------------------------------------------------------------------------
#    Time: 14631250 ps  Iteration: 0  Instance: /armldmstmnextaddress_tb
# ** Note: --------------------------------------------------------------------------------
#    Time: 14631250 ps  Iteration: 0  Instance: /armldmstmnextaddress_tb
# ** Note: Testcase 19: 
#    Time: 14631250 ps  Iteration: 0  Instance: /armldmstmnextaddress_tb
# ** Note: Testvektor : 0111111111111111
#    Time: 14631250 ps  Iteration: 0  Instance: /armldmstmnextaddress_tb
# ** Note: Testcase 19 korrekt
#    Time: 16231250 ps  Iteration: 0  Instance: /armldmstmnextaddress_tb
# ** Note: --------------------------------------------------------------------------------
#    Time: 16231250 ps  Iteration: 0  Instance: /armldmstmnextaddress_tb
# ** Note: --------------------------------------------------------------------------------
#    Time: 16231250 ps  Iteration: 0  Instance: /armldmstmnextaddress_tb
# ** Note: Testcase 20: 
#    Time: 16231250 ps  Iteration: 0  Instance: /armldmstmnextaddress_tb
# ** Note: Testvektor : 1111111111111111
#    Time: 16231250 ps  Iteration: 0  Instance: /armldmstmnextaddress_tb
# ** Note: Testcase 20 korrekt
#    Time: 17912500 ps  Iteration: 0  Instance: /armldmstmnextaddress_tb
# ** Note: --------------------------------------------------------------------------------
#    Time: 17912500 ps  Iteration: 0  Instance: /armldmstmnextaddress_tb
# ** Note: --------------------------------------------------------------------------------
#    Time: 17912500 ps  Iteration: 0  Instance: /armldmstmnextaddress_tb
# ** Note: Testcase 21: 
#    Time: 17912500 ps  Iteration: 0  Instance: /armldmstmnextaddress_tb
# ** Note: Testvektor : 0010110001011100
#    Time: 17912500 ps  Iteration: 0  Instance: /armldmstmnextaddress_tb
# ** Note: Testcase 21 korrekt
#    Time: 18731250 ps  Iteration: 0  Instance: /armldmstmnextaddress_tb
# ** Note: --------------------------------------------------------------------------------
#    Time: 18731250 ps  Iteration: 0  Instance: /armldmstmnextaddress_tb
# ** Note: --------------------------------------------------------------------------------
#    Time: 18731250 ps  Iteration: 0  Instance: /armldmstmnextaddress_tb
# ** Note: Testcase 22: 
#    Time: 18731250 ps  Iteration: 0  Instance: /armldmstmnextaddress_tb
# ** Note: Testvektor : 1010110001011000
#    Time: 18731250 ps  Iteration: 0  Instance: /armldmstmnextaddress_tb
# ** Note: Testcase 22 korrekt
#    Time: 19531250 ps  Iteration: 0  Instance: /armldmstmnextaddress_tb
# ** Note: --------------------------------------------------------------------------------
#    Time: 19531250 ps  Iteration: 0  Instance: /armldmstmnextaddress_tb
# ** Note: --------------------------------------------------------------------------------
#    Time: 19531250 ps  Iteration: 0  Instance: /armldmstmnextaddress_tb
# ** Note: Testcase 23: 
#    Time: 19531250 ps  Iteration: 0  Instance: /armldmstmnextaddress_tb
# ** Note: Testvektor : 1010100101011000
#    Time: 19531250 ps  Iteration: 0  Instance: /armldmstmnextaddress_tb
# ** Note: Testcase 23 korrekt
#    Time: 20331250 ps  Iteration: 0  Instance: /armldmstmnextaddress_tb
# ** Note: --------------------------------------------------------------------------------
#    Time: 20331250 ps  Iteration: 0  Instance: /armldmstmnextaddress_tb
# ** Note: --------------------------------------------------------------------------------
#    Time: 20331250 ps  Iteration: 0  Instance: /armldmstmnextaddress_tb
# ** Note: Testcase 24: 
#    Time: 20331250 ps  Iteration: 0  Instance: /armldmstmnextaddress_tb
# ** Note: Testvektor : 0101010101010010
#    Time: 20331250 ps  Iteration: 0  Instance: /armldmstmnextaddress_tb
# ** Note: Testcase 24 korrekt
#    Time: 21131250 ps  Iteration: 0  Instance: /armldmstmnextaddress_tb
# ** Note: --------------------------------------------------------------------------------
#    Time: 21131250 ps  Iteration: 0  Instance: /armldmstmnextaddress_tb
# ** Note: --------------------------------------------------------------------------------
#    Time: 21131250 ps  Iteration: 0  Instance: /armldmstmnextaddress_tb
# ** Note: Testcase 25: 
#    Time: 21131250 ps  Iteration: 0  Instance: /armldmstmnextaddress_tb
# ** Note: Testvektor : 0001110010101010
#    Time: 21131250 ps  Iteration: 0  Instance: /armldmstmnextaddress_tb
# ** Note: Testcase 25 korrekt
#    Time: 21931250 ps  Iteration: 0  Instance: /armldmstmnextaddress_tb
# ** Note: --------------------------------------------------------------------------------
#    Time: 21931250 ps  Iteration: 0  Instance: /armldmstmnextaddress_tb
# ** Note: --------------------------------------------------------------------------------
#    Time: 21931250 ps  Iteration: 0  Instance: /armldmstmnextaddress_tb
# ** Note: Testcase 26: 
#    Time: 21931250 ps  Iteration: 0  Instance: /armldmstmnextaddress_tb
# ** Note: Testvektor : 1111011000111001
#    Time: 21931250 ps  Iteration: 0  Instance: /armldmstmnextaddress_tb
# ** Note: Testcase 26 korrekt
#    Time: 23031250 ps  Iteration: 0  Instance: /armldmstmnextaddress_tb
# ** Note: --------------------------------------------------------------------------------
#    Time: 23031250 ps  Iteration: 0  Instance: /armldmstmnextaddress_tb
# ** Note: --------------------------------------------------------------------------------
#    Time: 23031250 ps  Iteration: 0  Instance: /armldmstmnextaddress_tb
# ** Note: Testcase 27: 
#    Time: 23031250 ps  Iteration: 0  Instance: /armldmstmnextaddress_tb
# ** Note: Im letzten Testcase wird zuerst ein reiner 1-Vektor geladen, dieser bei gleichzeitig gesetztem LOAD- und HOLD-Signal ueberschrieben, dann 8 Takte mit gesetztem HOLD-Signal gewartet und schliesslich 32 Takte normaler Operation simuliert.
#    Time: 23031250 ps  Iteration: 0  Instance: /armldmstmnextaddress_tb
# ** Note: --------------------------------------------------------------------------------
#    Time: 23031250 ps  Iteration: 0  Instance: /armldmstmnextaddress_tb
# ** Note: Testcase 27 korrekt
#    Time: 27212500 ps  Iteration: 0  Instance: /armldmstmnextaddress_tb
# ** Note: --------------------------------------------------------------------------------
#    Time: 27212500 ps  Iteration: 0  Instance: /armldmstmnextaddress_tb
# ** Note: --------------------------------------------------------------------------------
#    Time: 27212500 ps  Iteration: 0  Instance: /armldmstmnextaddress_tb
# ** Note: Testcase 1 : 	fehlerfrei.
#    Time: 27212500 ps  Iteration: 0  Instance: /armldmstmnextaddress_tb
# ** Note: Testcase 2 : 	fehlerfrei.
#    Time: 27212500 ps  Iteration: 0  Instance: /armldmstmnextaddress_tb
# ** Note: Testcase 3 : 	fehlerfrei.
#    Time: 27212500 ps  Iteration: 0  Instance: /armldmstmnextaddress_tb
# ** Note: Testcase 4 : 	fehlerfrei.
#    Time: 27212500 ps  Iteration: 0  Instance: /armldmstmnextaddress_tb
# ** Note: Testcase 5 : 	fehlerfrei.
#    Time: 27212500 ps  Iteration: 0  Instance: /armldmstmnextaddress_tb
# ** Note: Testcase 6 : 	fehlerfrei.
#    Time: 27212500 ps  Iteration: 0  Instance: /armldmstmnextaddress_tb
# ** Note: Testcase 7 : 	fehlerfrei.
#    Time: 27212500 ps  Iteration: 0  Instance: /armldmstmnextaddress_tb
# ** Note: Testcase 8 : 	fehlerfrei.
#    Time: 27212500 ps  Iteration: 0  Instance: /armldmstmnextaddress_tb
# ** Note: Testcase 9 : 	fehlerfrei.
#    Time: 27212500 ps  Iteration: 0  Instance: /armldmstmnextaddress_tb
# ** Note: Testcase 10 : 	fehlerfrei.
#    Time: 27212500 ps  Iteration: 0  Instance: /armldmstmnextaddress_tb
# ** Note: Testcase 11 : 	fehlerfrei.
#    Time: 27212500 ps  Iteration: 0  Instance: /armldmstmnextaddress_tb
# ** Note: Testcase 12 : 	fehlerfrei.
#    Time: 27212500 ps  Iteration: 0  Instance: /armldmstmnextaddress_tb
# ** Note: Testcase 13 : 	fehlerfrei.
#    Time: 27212500 ps  Iteration: 0  Instance: /armldmstmnextaddress_tb
# ** Note: Testcase 14 : 	fehlerfrei.
#    Time: 27212500 ps  Iteration: 0  Instance: /armldmstmnextaddress_tb
# ** Note: Testcase 15 : 	fehlerfrei.
#    Time: 27212500 ps  Iteration: 0  Instance: /armldmstmnextaddress_tb
# ** Note: Testcase 16 : 	fehlerfrei.
#    Time: 27212500 ps  Iteration: 0  Instance: /armldmstmnextaddress_tb
# ** Note: Testcase 17 : 	fehlerfrei.
#    Time: 27212500 ps  Iteration: 0  Instance: /armldmstmnextaddress_tb
# ** Note: Testcase 18 : 	fehlerfrei.
#    Time: 27212500 ps  Iteration: 0  Instance: /armldmstmnextaddress_tb
# ** Note: Testcase 19 : 	fehlerfrei.
#    Time: 27212500 ps  Iteration: 0  Instance: /armldmstmnextaddress_tb
# ** Note: Testcase 20 : 	fehlerfrei.
#    Time: 27212500 ps  Iteration: 0  Instance: /armldmstmnextaddress_tb
# ** Note: Testcase 21 : 	fehlerfrei.
#    Time: 27212500 ps  Iteration: 0  Instance: /armldmstmnextaddress_tb
# ** Note: Testcase 22 : 	fehlerfrei.
#    Time: 27212500 ps  Iteration: 0  Instance: /armldmstmnextaddress_tb
# ** Note: Testcase 23 : 	fehlerfrei.
#    Time: 27212500 ps  Iteration: 0  Instance: /armldmstmnextaddress_tb
# ** Note: Testcase 24 : 	fehlerfrei.
#    Time: 27212500 ps  Iteration: 0  Instance: /armldmstmnextaddress_tb
# ** Note: Testcase 25 : 	fehlerfrei.
#    Time: 27212500 ps  Iteration: 0  Instance: /armldmstmnextaddress_tb
# ** Note: Testcase 26 : 	fehlerfrei.
#    Time: 27212500 ps  Iteration: 0  Instance: /armldmstmnextaddress_tb
# ** Note: Testcase 27 : 	fehlerfrei.
#    Time: 27212500 ps  Iteration: 0  Instance: /armldmstmnextaddress_tb
# ** Note: --------------------------------------------------------------------------------
#    Time: 27212500 ps  Iteration: 0  Instance: /armldmstmnextaddress_tb
# ** Note: Fehler in der Registerliste insgesamt: 0
#    Time: 27212500 ps  Iteration: 0  Instance: /armldmstmnextaddress_tb
# ** Note: Punkte fuer die Fehlerfreiheit der Registerliste: 2/2
#    Time: 27212500 ps  Iteration: 0  Instance: /armldmstmnextaddress_tb
# ** Note: --------------------------------------------------------------------------------
#    Time: 27212500 ps  Iteration: 0  Instance: /armldmstmnextaddress_tb
# ** Note: Fehler in der Adressbestimmung abzueglich Folgefehlern insgesamt: 0
#    Time: 27212500 ps  Iteration: 0  Instance: /armldmstmnextaddress_tb
# ** Note: Punkte fuer die Fehlerfreiheit der Adressbestimmung: 2/2
#    Time: 27212500 ps  Iteration: 0  Instance: /armldmstmnextaddress_tb
# ** Note: --------------------------------------------------------------------------------
#    Time: 27212500 ps  Iteration: 0  Instance: /armldmstmnextaddress_tb
# ** Note: Gesamtpunktzahl: 4/4
#    Time: 27212500 ps  Iteration: 0  Instance: /armldmstmnextaddress_tb
# ** Note: --------------------------------------------------------------------------------
#    Time: 27212500 ps  Iteration: 0  Instance: /armldmstmnextaddress_tb
# ** Note: Funktionstest bestanden.
#    Time: 27212500 ps  Iteration: 0  Instance: /armldmstmnextaddress_tb
# ** Note: --------------------------------------------------------------------------------
#    Time: 27212500 ps  Iteration: 0  Instance: /armldmstmnextaddress_tb
# ** Note: --------------------------------------------------------------------------------
#    Time: 27212500 ps  Iteration: 0  Instance: /armldmstmnextaddress_tb
# ** Failure:  EOT (END OF TEST) - Diese Fehlermeldung stoppt den Simulator unabhaengig von tatsaechlich aufgetretenen Fehlern!
#    Time: 27212500 ps  Iteration: 0  Process: /armldmstmnextaddress_tb/tb File: ../../../../../../src/ArmLdmStmNextAddress_tb.vhd
# Break in Process tb at ../../../../../../src/ArmLdmStmNextAddress_tb.vhd line 407
