
*** Running vivado
    with args -log ArmRAMB_4kx8.vds -m64 -product Vivado -mode batch -messageDb vivado.pb -notrace -source ArmRAMB_4kx8.tcl


****** Vivado v2017.3 (64-bit)
  **** SW Build 2018833 on Wed Oct  4 19:58:07 MDT 2017
  **** IP Build 2016188 on Wed Oct  4 21:52:56 MDT 2017
    ** Copyright 1986-2017 Xilinx, Inc. All Rights Reserved.

source ArmRAMB_4kx8.tcl -notrace
Command: synth_design -top ArmRAMB_4kx8 -part xc7a35tcpg236-1
Starting synth_design
Attempting to get a license for feature 'Synthesis' and/or device 'xc7a35t'
INFO: [Common 17-349] Got license for feature 'Synthesis' and/or device 'xc7a35t'
INFO: Launching helper process for spawning children vivado processes
INFO: Helper process launched with PID 2125 
---------------------------------------------------------------------------------
Starting RTL Elaboration : Time (s): cpu = 00:00:08 ; elapsed = 00:00:08 . Memory (MB): peak = 1241.172 ; gain = 72.000 ; free physical = 26703 ; free virtual = 32891
---------------------------------------------------------------------------------
INFO: [Synth 8-638] synthesizing module 'ArmRAMB_4kx8' [/afs/tu-berlin.de/home/v/vincenthp2603/irb-ubuntu/HardwarePratikum/HardwarePRK-SoSe20/Blatt02/Vivado_WORK/Tutorial/src/ArmRAMB_4kx8.vhd:23]
	Parameter WIDTH bound to: 8 - type: integer 
	Parameter SIZE bound to: 4096 - type: integer 
INFO: [Synth 8-256] done synthesizing module 'ArmRAMB_4kx8' (1#1) [/afs/tu-berlin.de/home/v/vincenthp2603/irb-ubuntu/HardwarePratikum/HardwarePRK-SoSe20/Blatt02/Vivado_WORK/Tutorial/src/ArmRAMB_4kx8.vhd:23]
---------------------------------------------------------------------------------
Finished RTL Elaboration : Time (s): cpu = 00:00:09 ; elapsed = 00:00:09 . Memory (MB): peak = 1283.703 ; gain = 114.531 ; free physical = 26717 ; free virtual = 32906
---------------------------------------------------------------------------------

Report Check Netlist: 
+------+------------------+-------+---------+-------+------------------+
|      |Item              |Errors |Warnings |Status |Description       |
+------+------------------+-------+---------+-------+------------------+
|1     |multi_driven_nets |      0|        0|Passed |Multi driven nets |
+------+------------------+-------+---------+-------+------------------+
---------------------------------------------------------------------------------
Finished RTL Optimization Phase 1 : Time (s): cpu = 00:00:09 ; elapsed = 00:00:10 . Memory (MB): peak = 1283.703 ; gain = 114.531 ; free physical = 26716 ; free virtual = 32905
---------------------------------------------------------------------------------
INFO: [Device 21-403] Loading part xc7a35tcpg236-1
INFO: [Project 1-570] Preparing netlist for logic optimization

Processing XDC Constraints
Initializing timing engine
Parsing XDC File [/afs/tu-berlin.de/home/v/vincenthp2603/irb-ubuntu/HardwarePratikum/HardwarePRK-SoSe20/HWPTI_Master.xdc]
Finished Parsing XDC File [/afs/tu-berlin.de/home/v/vincenthp2603/irb-ubuntu/HardwarePratikum/HardwarePRK-SoSe20/HWPTI_Master.xdc]
Completed Processing XDC Constraints

INFO: [Project 1-111] Unisim Transformation Summary:
No Unisim elements were transformed.

Constraint Validation Runtime : Time (s): cpu = 00:00:00 ; elapsed = 00:00:00 . Memory (MB): peak = 1599.293 ; gain = 0.000 ; free physical = 26482 ; free virtual = 32670
---------------------------------------------------------------------------------
Finished Constraint Validation : Time (s): cpu = 00:00:25 ; elapsed = 00:00:37 . Memory (MB): peak = 1599.293 ; gain = 430.121 ; free physical = 26547 ; free virtual = 32736
---------------------------------------------------------------------------------
---------------------------------------------------------------------------------
Start Loading Part and Timing Information
---------------------------------------------------------------------------------
Loading part: xc7a35tcpg236-1
---------------------------------------------------------------------------------
Finished Loading Part and Timing Information : Time (s): cpu = 00:00:25 ; elapsed = 00:00:37 . Memory (MB): peak = 1599.293 ; gain = 430.121 ; free physical = 26547 ; free virtual = 32736
---------------------------------------------------------------------------------
---------------------------------------------------------------------------------
Start Applying 'set_property' XDC Constraints
---------------------------------------------------------------------------------
---------------------------------------------------------------------------------
Finished applying 'set_property' XDC Constraints : Time (s): cpu = 00:00:25 ; elapsed = 00:00:37 . Memory (MB): peak = 1599.293 ; gain = 430.121 ; free physical = 26548 ; free virtual = 32737
---------------------------------------------------------------------------------
---------------------------------------------------------------------------------
Finished RTL Optimization Phase 2 : Time (s): cpu = 00:00:26 ; elapsed = 00:00:37 . Memory (MB): peak = 1599.293 ; gain = 430.121 ; free physical = 26540 ; free virtual = 32729
---------------------------------------------------------------------------------

Report RTL Partitions: 
+-+--------------+------------+----------+
| |RTL Partition |Replication |Instances |
+-+--------------+------------+----------+
+-+--------------+------------+----------+
---------------------------------------------------------------------------------
Start RTL Component Statistics 
---------------------------------------------------------------------------------
Detailed RTL Component Info : 
+---Registers : 
	                8 Bit    Registers := 2     
+---RAMs : 
	              32K Bit         RAMs := 1     
---------------------------------------------------------------------------------
Finished RTL Component Statistics 
---------------------------------------------------------------------------------
---------------------------------------------------------------------------------
Start RTL Hierarchical Component Statistics 
---------------------------------------------------------------------------------
Hierarchical RTL Component report 
Module ArmRAMB_4kx8 
Detailed RTL Component Info : 
+---Registers : 
	                8 Bit    Registers := 2     
+---RAMs : 
	              32K Bit         RAMs := 1     
---------------------------------------------------------------------------------
Finished RTL Hierarchical Component Statistics
---------------------------------------------------------------------------------
---------------------------------------------------------------------------------
Start Part Resource Summary
---------------------------------------------------------------------------------
Part Resources:
DSPs: 90 (col length:60)
BRAMs: 100 (col length: RAMB18 60 RAMB36 30)
---------------------------------------------------------------------------------
Finished Part Resource Summary
---------------------------------------------------------------------------------
---------------------------------------------------------------------------------
Start Cross Boundary and Area Optimization
---------------------------------------------------------------------------------
---------------------------------------------------------------------------------
Finished Cross Boundary and Area Optimization : Time (s): cpu = 00:00:26 ; elapsed = 00:00:38 . Memory (MB): peak = 1599.293 ; gain = 430.121 ; free physical = 26531 ; free virtual = 32719
---------------------------------------------------------------------------------
---------------------------------------------------------------------------------
Start ROM, RAM, DSP and Shift Register Reporting
---------------------------------------------------------------------------------

Block RAM: Preliminary Mapping  Report (see note below)
+-------------+------------+------------------------+---+---+------------------------+---+---+------------------+--------+--------+
|Module Name  | RTL Object | PORT A (Depth x Width) | W | R | PORT B (Depth x Width) | W | R | Ports driving FF | RAMB18 | RAMB36 | 
+-------------+------------+------------------------+---+---+------------------------+---+---+------------------+--------+--------+
|ArmRAMB_4kx8 | RAM_reg    | 4 K x 8(READ_FIRST)    | W | R | 4 K x 8(WRITE_FIRST)   |   | R | Port A and B     | 0      | 1      | 
+-------------+------------+------------------------+---+---+------------------------+---+---+------------------+--------+--------+

Note: The tale above is a preliminary report that shows the Block RAMs at the current stage of the synthesis flow. Some Block RAMs may be reimplemented as non Block RAM primitives later in the synthesis flow. Multiple instantiated Block RAMs are reported only once. 
---------------------------------------------------------------------------------
Finished ROM, RAM, DSP and Shift Register Reporting
---------------------------------------------------------------------------------

Report RTL Partitions: 
+-+--------------+------------+----------+
| |RTL Partition |Replication |Instances |
+-+--------------+------------+----------+
+-+--------------+------------+----------+
---------------------------------------------------------------------------------
Start Applying XDC Timing Constraints
---------------------------------------------------------------------------------
---------------------------------------------------------------------------------
Finished Applying XDC Timing Constraints : Time (s): cpu = 00:00:32 ; elapsed = 00:00:47 . Memory (MB): peak = 1599.293 ; gain = 430.121 ; free physical = 26390 ; free virtual = 32579
---------------------------------------------------------------------------------
---------------------------------------------------------------------------------
Start Timing Optimization
---------------------------------------------------------------------------------
---------------------------------------------------------------------------------
Finished Timing Optimization : Time (s): cpu = 00:00:32 ; elapsed = 00:00:47 . Memory (MB): peak = 1599.293 ; gain = 430.121 ; free physical = 26390 ; free virtual = 32578
---------------------------------------------------------------------------------
---------------------------------------------------------------------------------
Start ROM, RAM, DSP and Shift Register Reporting
---------------------------------------------------------------------------------

Block RAM: Final Mapping  Report
+-------------+------------+------------------------+---+---+------------------------+---+---+------------------+--------+--------+
|Module Name  | RTL Object | PORT A (Depth x Width) | W | R | PORT B (Depth x Width) | W | R | Ports driving FF | RAMB18 | RAMB36 | 
+-------------+------------+------------------------+---+---+------------------------+---+---+------------------+--------+--------+
|ArmRAMB_4kx8 | RAM_reg    | 4 K x 8(READ_FIRST)    | W | R | 4 K x 8(WRITE_FIRST)   |   | R | Port A and B     | 0      | 1      | 
+-------------+------------+------------------------+---+---+------------------------+---+---+------------------+--------+--------+

---------------------------------------------------------------------------------
Finished ROM, RAM, DSP and Shift Register Reporting
---------------------------------------------------------------------------------

Report RTL Partitions: 
+-+--------------+------------+----------+
| |RTL Partition |Replication |Instances |
+-+--------------+------------+----------+
+-+--------------+------------+----------+
---------------------------------------------------------------------------------
Start Technology Mapping
---------------------------------------------------------------------------------
INFO: [Synth 8-4480] The timing for the instance RAM_reg (implemented as a block RAM) might be sub-optimal as no optional output register could be merged into the block ram. Providing additional output register may help in improving timing.
INFO: [Synth 8-4480] The timing for the instance RAM_reg (implemented as a block RAM) might be sub-optimal as no optional output register could be merged into the block ram. Providing additional output register may help in improving timing.
---------------------------------------------------------------------------------
Finished Technology Mapping : Time (s): cpu = 00:00:32 ; elapsed = 00:00:47 . Memory (MB): peak = 1599.293 ; gain = 430.121 ; free physical = 26386 ; free virtual = 32575
---------------------------------------------------------------------------------

Report RTL Partitions: 
+-+--------------+------------+----------+
| |RTL Partition |Replication |Instances |
+-+--------------+------------+----------+
+-+--------------+------------+----------+
---------------------------------------------------------------------------------
Start IO Insertion
---------------------------------------------------------------------------------
---------------------------------------------------------------------------------
Start Flattening Before IO Insertion
---------------------------------------------------------------------------------
---------------------------------------------------------------------------------
Finished Flattening Before IO Insertion
---------------------------------------------------------------------------------
---------------------------------------------------------------------------------
Start Final Netlist Cleanup
---------------------------------------------------------------------------------
---------------------------------------------------------------------------------
Finished Final Netlist Cleanup
---------------------------------------------------------------------------------
---------------------------------------------------------------------------------
Finished IO Insertion : Time (s): cpu = 00:00:33 ; elapsed = 00:00:47 . Memory (MB): peak = 1599.293 ; gain = 430.121 ; free physical = 26407 ; free virtual = 32596
---------------------------------------------------------------------------------

Report Check Netlist: 
+------+------------------+-------+---------+-------+------------------+
|      |Item              |Errors |Warnings |Status |Description       |
+------+------------------+-------+---------+-------+------------------+
|1     |multi_driven_nets |      0|        0|Passed |Multi driven nets |
+------+------------------+-------+---------+-------+------------------+
---------------------------------------------------------------------------------
Start Renaming Generated Instances
---------------------------------------------------------------------------------
---------------------------------------------------------------------------------
Finished Renaming Generated Instances : Time (s): cpu = 00:00:33 ; elapsed = 00:00:47 . Memory (MB): peak = 1599.293 ; gain = 430.121 ; free physical = 26407 ; free virtual = 32596
---------------------------------------------------------------------------------

Report RTL Partitions: 
+-+--------------+------------+----------+
| |RTL Partition |Replication |Instances |
+-+--------------+------------+----------+
+-+--------------+------------+----------+
---------------------------------------------------------------------------------
Start Rebuilding User Hierarchy
---------------------------------------------------------------------------------
---------------------------------------------------------------------------------
Finished Rebuilding User Hierarchy : Time (s): cpu = 00:00:33 ; elapsed = 00:00:47 . Memory (MB): peak = 1599.293 ; gain = 430.121 ; free physical = 26407 ; free virtual = 32596
---------------------------------------------------------------------------------
---------------------------------------------------------------------------------
Start Renaming Generated Ports
---------------------------------------------------------------------------------
---------------------------------------------------------------------------------
Finished Renaming Generated Ports : Time (s): cpu = 00:00:33 ; elapsed = 00:00:47 . Memory (MB): peak = 1599.293 ; gain = 430.121 ; free physical = 26407 ; free virtual = 32596
---------------------------------------------------------------------------------
---------------------------------------------------------------------------------
Start Handling Custom Attributes
---------------------------------------------------------------------------------
---------------------------------------------------------------------------------
Finished Handling Custom Attributes : Time (s): cpu = 00:00:33 ; elapsed = 00:00:47 . Memory (MB): peak = 1599.293 ; gain = 430.121 ; free physical = 26407 ; free virtual = 32596
---------------------------------------------------------------------------------
---------------------------------------------------------------------------------
Start Renaming Generated Nets
---------------------------------------------------------------------------------
---------------------------------------------------------------------------------
Finished Renaming Generated Nets : Time (s): cpu = 00:00:33 ; elapsed = 00:00:47 . Memory (MB): peak = 1599.293 ; gain = 430.121 ; free physical = 26407 ; free virtual = 32596
---------------------------------------------------------------------------------
---------------------------------------------------------------------------------
Start Writing Synthesis Report
---------------------------------------------------------------------------------

Report BlackBoxes: 
+-+--------------+----------+
| |BlackBox name |Instances |
+-+--------------+----------+
+-+--------------+----------+

Report Cell Usage: 
+------+---------+------+
|      |Cell     |Count |
+------+---------+------+
|1     |BUFG     |     1|
|2     |RAMB36E1 |     1|
|3     |IBUF     |    36|
|4     |OBUF     |    16|
+------+---------+------+

Report Instance Areas: 
+------+---------+-------+------+
|      |Instance |Module |Cells |
+------+---------+-------+------+
|1     |top      |       |    54|
+------+---------+-------+------+
---------------------------------------------------------------------------------
Finished Writing Synthesis Report : Time (s): cpu = 00:00:33 ; elapsed = 00:00:47 . Memory (MB): peak = 1599.293 ; gain = 430.121 ; free physical = 26407 ; free virtual = 32596
---------------------------------------------------------------------------------
Synthesis finished with 0 errors, 0 critical warnings and 0 warnings.
Synthesis Optimization Runtime : Time (s): cpu = 00:00:24 ; elapsed = 00:00:28 . Memory (MB): peak = 1599.293 ; gain = 114.531 ; free physical = 26461 ; free virtual = 32650
Synthesis Optimization Complete : Time (s): cpu = 00:00:33 ; elapsed = 00:00:47 . Memory (MB): peak = 1599.293 ; gain = 430.121 ; free physical = 26468 ; free virtual = 32657
INFO: [Project 1-571] Translating synthesized netlist
INFO: [Netlist 29-17] Analyzing 37 Unisim elements for replacement
INFO: [Netlist 29-28] Unisim Transformation completed in 0 CPU seconds
INFO: [Project 1-570] Preparing netlist for logic optimization
INFO: [Opt 31-138] Pushed 0 inverter(s) to 0 load pin(s).
INFO: [Project 1-111] Unisim Transformation Summary:
No Unisim elements were transformed.

INFO: [Common 17-83] Releasing license: Synthesis
15 Infos, 0 Warnings, 0 Critical Warnings and 0 Errors encountered.
synth_design completed successfully
synth_design: Time (s): cpu = 00:00:35 ; elapsed = 00:00:48 . Memory (MB): peak = 1599.293 ; gain = 443.492 ; free physical = 26456 ; free virtual = 32645
INFO: [Common 17-1381] The checkpoint '/afs/tu-berlin.de/home/v/vincenthp2603/irb-ubuntu/HardwarePratikum/HardwarePRK-SoSe20/Blatt02/Vivado_WORK/Tutorial/Tutorial_Project/HWP2/HWP2.runs/synth_1/ArmRAMB_4kx8.dcp' has been generated.
INFO: [runtcl-4] Executing : report_utilization -file ArmRAMB_4kx8_utilization_synth.rpt -pb ArmRegfile_utilization_synth.pb
report_utilization: Time (s): cpu = 00:00:00.16 ; elapsed = 00:00:00.24 . Memory (MB): peak = 1599.293 ; gain = 0.000 ; free physical = 26456 ; free virtual = 32645
INFO: [Common 17-206] Exiting Vivado at Sun May 24 09:50:23 2020...
