#-----------------------------------------------------------
# Vivado v2017.3 (64-bit)
# SW Build 2018833 on Wed Oct  4 19:58:07 MDT 2017
# IP Build 2016188 on Wed Oct  4 21:52:56 MDT 2017
# Start of session at: Fri May 22 13:10:36 2020
# Process ID: 21809
# Current directory: /afs/tu-berlin.de/home/h/hungbui7698/irb-ubuntu/HWP/HardwarePRK-SoSe20/Blatt02/Vivado_WORK/Tutorial/src
# Command line: vivado
# Log file: /afs/tu-berlin.de/home/h/hungbui7698/irb-ubuntu/HWP/HardwarePRK-SoSe20/Blatt02/Vivado_WORK/Tutorial/src/vivado.log
# Journal file: /afs/tu-berlin.de/home/h/hungbui7698/irb-ubuntu/HWP/HardwarePRK-SoSe20/Blatt02/Vivado_WORK/Tutorial/src/vivado.jou
#-----------------------------------------------------------
start_gui
open_project /afs/tu-berlin.de/home/h/hungbui7698/irb-ubuntu/HWP/HardwarePRK-SoSe20/Blatt02/Vivado_WORK/Tutorial/Blatt02/Blatt02.xpr
Scanning sources...
Finished scanning sources
INFO: [IP_Flow 19-234] Refreshing IP repositories
INFO: [IP_Flow 19-1704] No user IP repositories specified
INFO: [IP_Flow 19-2313] Loaded Vivado IP repository '/afs/tu-berlin.de/units/Fak_IV/aes/tools/xilinx/Vivado/2017.3/data/ip'.
update_compile_order -fileset sources_1
add_files -norecurse /afs/tu-berlin.de/home/h/hungbui7698/irb-ubuntu/HWP/HardwarePRK-SoSe20/Blatt02/Vivado_WORK/Tutorial/src/ArmRegfile.vhd
set_property top ArmRegfile [current_fileset]
reset_run synth_1
launch_runs synth_1 -jobs 16
[Fri May 22 13:12:56 2020] Launched synth_1...
Run output will be captured here: /afs/tu-berlin.de/home/h/hungbui7698/irb-ubuntu/HWP/HardwarePRK-SoSe20/Blatt02/Vivado_WORK/Tutorial/Blatt02/Blatt02.runs/synth_1/runme.log
add_files -norecurse /afs/tu-berlin.de/home/h/hungbui7698/irb-ubuntu/HWP/HardwarePRK-SoSe20/Blatt02/Vivado_WORK/Tutorial/src/ArmGlobalProbes.vhd
update_compile_order -fileset sources_1
add_files -norecurse /afs/tu-berlin.de/home/h/hungbui7698/irb-ubuntu/HWP/HardwarePRK-SoSe20/Blatt02/Vivado_WORK/Tutorial/src/ArmConfiguration.vhd
update_compile_order -fileset sources_1
reset_run synth_1
launch_runs synth_1 -jobs 16
[Fri May 22 13:14:00 2020] Launched synth_1...
Run output will be captured here: /afs/tu-berlin.de/home/h/hungbui7698/irb-ubuntu/HWP/HardwarePRK-SoSe20/Blatt02/Vivado_WORK/Tutorial/Blatt02/Blatt02.runs/synth_1/runme.log
reset_run synth_1
launch_runs synth_1 -jobs 16
[Fri May 22 13:15:58 2020] Launched synth_1...
Run output will be captured here: /afs/tu-berlin.de/home/h/hungbui7698/irb-ubuntu/HWP/HardwarePRK-SoSe20/Blatt02/Vivado_WORK/Tutorial/Blatt02/Blatt02.runs/synth_1/runme.log
add_files -norecurse /afs/tu-berlin.de/home/h/hungbui7698/irb-ubuntu/HWP/HardwarePRK-SoSe20/Blatt02/Vivado_WORK/Tutorial/src/ArmRAMB_4kx8.vhd
update_compile_order -fileset sources_1
set_property top ArmRAMB_4kx8 [current_fileset]
update_compile_order -fileset sources_1
reset_run synth_1
launch_runs synth_1 -jobs 16
[Fri May 22 13:18:51 2020] Launched synth_1...
Run output will be captured here: /afs/tu-berlin.de/home/h/hungbui7698/irb-ubuntu/HWP/HardwarePRK-SoSe20/Blatt02/Vivado_WORK/Tutorial/Blatt02/Blatt02.runs/synth_1/runme.log
exit
INFO: [Common 17-206] Exiting Vivado at Fri May 22 13:19:51 2020...
